#
# A fatal error has been detected by the Java Runtime Environment:
#
#  SIGBUS (0x7) at pc=0x000078d28a937851, pid=19212, tid=19214
#
# JRE version: OpenJDK Runtime Environment JBR-21.0.6+9-895.109-jcef (21.0.6+9) (build 21.0.6+9-b895.109)
# Java VM: OpenJDK 64-Bit Server VM JBR-21.0.6+9-895.109-jcef (21.0.6+9-b895.109, mixed mode, sharing, tiered, compressed oops, compressed class ptrs, g1 gc, linux-amd64)
# Problematic frame:
# C  [ld-linux-x86-64.so.2+0x9851]
#
# Core dump will be written. Default location: Core dumps may be processed with "/usr/lib/systemd/systemd-coredump %P %u %g %s %t %c %h" (or dumping to /home/dityara/Data/Project/anggaran/core.19212)
#
# If you would like to submit a bug report, please visit:
#   https://youtrack.jetbrains.com/issues/JBR
#

---------------  S U M M A R Y ------------

Command Line: -Djava.rmi.server.hostname=127.0.0.1 -Duser.timezone=UTC -Xmx2048m -Xms128m -Djdbc.classpath=/tmp/RemoteDriver.classpath.txt --add-exports=java.desktop/sun.awt=ALL-UNNAMED --add-exports=java.desktop/java.awt.peer=ALL-UNNAMED --add-opens=java.desktop/java.awt=ALL-UNNAMED --add-opens=jdk.unsupported/sun.misc=ALL-UNNAMED --add-opens=java.base/java.nio=ALL-UNNAMED --add-opens=java.base/java.util=ALL-UNNAMED -Dfile.encoding=UTF-8 -Dsun.stdout.encoding=UTF-8 -Dsun.stderr.encoding=UTF-8 -Dawt.toolkit.name=XToolkit com.intellij.database.remote.RemoteJdbcServer org.mariadb.jdbc.Driver

Host: Intel(R) Core(TM) i3-9100F CPU @ 3.60GHz, 4 cores, 15G, 
Time: Sun May 11 21:40:03 2025 WIT elapsed time: 6600.664426 seconds (0d 1h 50m 0s)

---------------  T H R E A D  ---------------

Current thread (0x000078d28402ba50):  JavaThread "main"             [_thread_in_vm, id=19214, stack(0x000078d288f00000,0x000078d289000000) (1024K)]

Stack: [0x000078d288f00000,0x000078d289000000],  sp=0x000078d288ffddf0,  free space=1015k
Native frames: (J=compiled Java code, j=interpreted, Vv=VM code, C=native code)
C  [ld-linux-x86-64.so.2+0x9851]
C  [ld-linux-x86-64.so.2+0x9d3c]
C  [ld-linux-x86-64.so.2+0xa6a3]
C  [libc.so.6+0x168abe]
C  [libc.so.6+0x91c30]
C  [ld-linux-x86-64.so.2+0x2416]  _dl_catch_exception+0xa6
C  [ld-linux-x86-64.so.2+0x2569]
C  [libc.so.6+0x91623]
C  [libc.so.6+0x91cce]  dlsym+0x8e
V  [libjvm.so+0xcbe450]
V  [libjvm.so+0xcbeabf]
V  [libjvm.so+0xcbed6b]
V  [libjvm.so+0x90a337]
j  java.lang.Shutdown.beforeHalt()V+0 java.base@21.0.6
j  java.lang.Shutdown.exit(I)V+9 java.base@21.0.6
j  java.lang.Runtime.exit(I)V+14 java.base@21.0.6
j  java.lang.System.exit(I)V+4 java.base@21.0.6
j  com.intellij.execution.rmi.RemoteServer.spinWhileWatchdogAlive(Lcom/intellij/execution/rmi/IdeaWatchdog;)V+49
j  com.intellij.execution.rmi.RemoteServer.start(Ljava/rmi/Remote;ZZ)V+279
j  com.intellij.execution.rmi.RemoteServer.start(Ljava/rmi/Remote;)V+3
j  com.intellij.database.remote.RemoteJdbcServerBase.start(Ljava/rmi/Remote;)V+1
j  com.intellij.database.remote.RemoteJdbcServer.start(Ljava/rmi/Remote;)V+12
j  com.intellij.database.remote.RemoteJdbcServer.main([Ljava/lang/String;)V+24
v  ~StubRoutines::call_stub 0x000078d278337cc6
V  [libjvm.so+0x914275]
V  [libjvm.so+0x9bb842]
V  [libjvm.so+0x9bdd5b]
C  [libjli.so+0x5266]  JavaMain+0xf46
C  [libjli.so+0x8059]  ThreadJavaMain+0x9
C  [libc.so.6+0x957eb]
Java frames: (J=compiled Java code, j=interpreted, Vv=VM code)
j  java.lang.Shutdown.beforeHalt()V+0 java.base@21.0.6
j  java.lang.Shutdown.exit(I)V+9 java.base@21.0.6
j  java.lang.Runtime.exit(I)V+14 java.base@21.0.6
j  java.lang.System.exit(I)V+4 java.base@21.0.6
j  com.intellij.execution.rmi.RemoteServer.spinWhileWatchdogAlive(Lcom/intellij/execution/rmi/IdeaWatchdog;)V+49
j  com.intellij.execution.rmi.RemoteServer.start(Ljava/rmi/Remote;ZZ)V+279
j  com.intellij.execution.rmi.RemoteServer.start(Ljava/rmi/Remote;)V+3
j  com.intellij.database.remote.RemoteJdbcServerBase.start(Ljava/rmi/Remote;)V+1
j  com.intellij.database.remote.RemoteJdbcServer.start(Ljava/rmi/Remote;)V+12
j  com.intellij.database.remote.RemoteJdbcServer.main([Ljava/lang/String;)V+24
v  ~StubRoutines::call_stub 0x000078d278337cc6

siginfo: si_signo: 7 (SIGBUS), si_code: 2 (BUS_ADRERR), si_addr: 0x000078d28a5b1d44

Registers:
RAX=0x000078d28a5afec8, RBX=0x000078d28a5b1d40, RCX=0x0000000000000002, RDX=0x0000000000000000
RSP=0x000078d288ffddf0, RBP=0x000078d288ffde10, RSI=0x0000000000000000, RDI=0x000078d28402c1c8
R8 =0x0000000000000000, R9 =0x000078d28a5b1d40, R10=0x0000000000000002, R11=0x0000000000000008
R12=0x00000000458272ff, R13=0x00000000458272fe, R14=0x000078d28a5afbac, R15=0x000078d28a5b2fd0
RIP=0x000078d28a937851, EFLAGS=0x0000000000010206, CSGSFS=0x002b000000000033, ERR=0x0000000000000004
  TRAPNO=0x000000000000000e

XMM[0]=0x0000000000000000 0x0000000000000000
XMM[1]=0x0000000000000000 0x000078d288ffe14c
XMM[2]=0x6161616161616161 0x6161616161616161
XMM[3]=0x0000000000000000 0x0000000000000000
XMM[4]=0xffffffffffffffff 0xffffffffffff0000
XMM[5]=0xffffff00ffffff00 0xffffff00ffffff00
XMM[6]=0xffffffffffffffff 0xffffffffffff0000
XMM[7]=0x24dbebf33a5d25ab 0x256d17aefe8c88fb
XMM[8]=0x03f69c48c5f2280c 0xbaed75eefbd6b3fb
XMM[9]=0xaa0e1843aa0e1843 0xaa0e18432824c2c4
XMM[10]=0x0000000000000000 0x000000007e16aa81
XMM[11]=0x80daafb280daafb2 0x80daafb2a8ff7276
XMM[12]=0x0000000000000000 0x000000002824c2c4
XMM[13]=0x0000000000000000 0x41783e815edae019
XMM[14]=0x0000000000000000 0x000000001d62a198
XMM[15]=0x0000000000000000 0x0000000000000000
  MXCSR=0x00001fa0


Register to memory mapping:

RAX=
[error occurred during error reporting (printing register info), id 0x7, SIGBUS (0x7) at pc=0x000078d28a83b02e]
RBX=
[error occurred during error reporting (printing register info, attempt 2), id 0x7, SIGBUS (0x7) at pc=0x000078d28a83b02e]
RCX=0x0000000000000002 is an unknown value
RDX=0x0 is null
RSP=0x000078d288ffddf0 is pointing into the stack for thread: 0x000078d28402ba50
RBP=0x000078d288ffde10 is pointing into the stack for thread: 0x000078d28402ba50
RSI=0x0 is null
RDI=0x000078d28402c1c8 points into unknown readable memory: 0x76616a5f6176614a | 4a 61 76 61 5f 6a 61 76
R8 =0x0 is null
R9 =
[error occurred during error reporting (printing register info, attempt 3), id 0x7, SIGBUS (0x7) at pc=0x000078d28a83b02e]
Top of Stack: (sp=0x000078d288ffddf0)
0x000078d288ffddf0:   000078d288ffde60 000078d27833f180
0x000078d288ffde00:   000078d284035270 000078d28a5afbac
0x000078d288ffde10:   000078d288ffdf00 000078d28a937d3c
0x000078d288ffde20:   0000000000000145 000078d28a5b2fd0
0x000078d288ffde30:   000078d284035270 000078d288ffdec8
0x000078d288ffde40:   000078d288ffdec4 000078d27833f74e
0x000078d288ffde50:   0000000087b5f368 000078d288ffde58
0x000078d288ffde60:   000078d217b0985d 000000000000000a
0x000078d288ffde70:   0000000000000008 000078d284035848
0x000078d288ffde80:   000078d28a5af698 000078d28a5afec8
0x000078d288ffde90:   000078d288ffdfa8 000078d288ffde00
0x000078d288ffdea0:   000078d288ffdfb0 000078d288ffdec4
0x000078d288ffdeb0:   0000000000000000 000078d28402c1c8
0x000078d288ffdec0:   0000000000000000 0000000000000000
0x000078d288ffded0:   0000000087b5f350 0000000000000000
0x000078d288ffdee0:   000078d284035640 000078d28402c1c8
0x000078d288ffdef0:   000078d288ffe068 00000000458272ff
0x000078d288ffdf00:   000078d288ffe020 000078d28a9386a3
0x000078d288ffdf10:   0000000000000000 0000000000000000
0x000078d288ffdf20:   0000000000000002 0000000000000000
0x000078d288ffdf30:   0000000000000000 000078d284035270
0x000078d288ffdf40:   000078d288ffdfa0 000078d27833f2f2
0x000078d288ffdf50:   0000000087b5f320 000078d288ffdf58
0x000078d288ffdf60:   000078d217b17dd1 0000000000000002
0x000078d288ffdf70:   0000000000000000 000078d284035640
0x000078d288ffdf80:   000078d288ffdfb0 000078d200000000
0x000078d288ffdf90:   000078d284035270 000078d288ffdfa8
0x000078d288ffdfa0:   000078d288ffe070 00000000ffffffff
0x000078d288ffdfb0:   0000000000000000 0000000000000000
0x000078d288ffdfc0:   0000001700000000 000078d28410a1c0
0x000078d288ffdfd0:   000078d28402ba50 000078d28402c150
0x000078d288ffdfe0:   000078d28402ba50 000078d28402c190 

Instructions: (pc=0x000078d28a937851)
0x000078d28a937751:   00 4c 89 ff e8 d6 ca ff ff eb 88 0f 1f 40 00 4c
0x000078d28a937761:   89 e3 4c 8d 7d b0 eb 13 0f 1f 80 00 00 00 00 48
0x000078d28a937771:   8b 9b 18 03 00 00 48 85 db 74 3a 48 8d b3 68 03
0x000078d28a937781:   00 00 48 8d 0d 48 25 02 00 ba 0f 00 00 00 48 89
0x000078d28a937791:   df e8 b9 d4 ff ff 84 c0 74 d5 48 8b b3 68 03 00
0x000078d28a9377a1:   00 4c 89 ff e8 86 ca ff ff 48 8b 9b 18 03 00 00
0x000078d28a9377b1:   48 85 db 75 c6 49 83 7c 24 30 00 0f 85 e8 fe ff
0x000078d28a9377c1:   ff 48 8b 1d 37 d8 02 00 48 85 db 0f 84 d8 fe ff
0x000078d28a9377d1:   ff 0f b6 83 54 03 00 00 83 e0 03 3c 02 0f 84 c6
0x000078d28a9377e1:   fe ff ff 49 39 dc 0f 84 bd fe ff ff 48 8d b3 68
0x000078d28a9377f1:   03 00 00 48 8d 0d d7 24 02 00 ba 0f 00 00 00 48
0x000078d28a937801:   89 df e8 48 d4 ff ff 84 c0 0f 84 9a fe ff ff 48
0x000078d28a937811:   8b b3 68 03 00 00 4c 89 ff e8 11 ca ff ff e9 86
0x000078d28a937821:   fe ff ff 66 2e 0f 1f 84 00 00 00 00 00 66 2e 0f
0x000078d28a937831:   1f 84 00 00 00 00 00 0f 1f 84 00 00 00 00 00 55
0x000078d28a937841:   41 89 ca 48 89 e5 41 56 53 4c 89 cb 48 83 ec 10
0x000078d28a937851:   41 0f b6 49 04 41 0f b7 41 06 83 e1 0f 49 83 79
0x000078d28a937861:   08 00 0f 84 37 01 00 00 66 85 c0 0f 94 c0 0f b6
0x000078d28a937871:   c0 41 21 c0 b8 98 fb ff ff d3 f8 83 e0 01 41 09
0x000078d28a937881:   c0 0f 85 d8 00 00 00 45 89 d6 48 39 f3 74 21 8b
0x000078d28a937891:   03 48 03 45 18 48 89 fe 48 89 55 e8 48 89 c7 e8
0x000078d28a9378a1:   3b c6 01 00 48 8b 55 e8 85 c0 0f 85 af 00 00 00
0x000078d28a9378b1:   48 8b 45 20 48 8b 80 80 03 00 00 48 85 d2 74 4f
0x000078d28a9378c1:   48 85 c0 74 36 8b 4d 10 44 0f b7 04 48 4c 89 c0
0x000078d28a9378d1:   25 ff 7f 00 00 48 8d 0c 40 48 8b 45 20 48 8b 80
0x000078d28a9378e1:   20 03 00 00 48 8d 04 c8 8b 48 08 3b 4a 08 74 7f
0x000078d28a9378f1:   0b 4a 0c 75 6a 66 45 85 c0 78 64 48 83 c4 10 48
0x000078d28a937901:   89 d8 5b 41 5e 5d c3 0f 1f 84 00 00 00 00 00 48
0x000078d28a937911:   85 c0 74 e7 8b 55 10 0f b7 14 50 31 c0 89 d1 81
0x000078d28a937921:   e1 ff 7f 00 00 41 83 e6 02 0f 94 c0 83 c0 02 39
0x000078d28a937931:   c1 7c c8 66 85 d2 78 27 48 8b 45 30 48 8b 7d 30
0x000078d28a937941:   8b 00 8d 50 01 89 17 85 c0 75 14 48 8b 45 28 48 


Stack slot to memory mapping:

stack at sp + 0 slots: 0x000078d288ffde60 is pointing into the stack for thread: 0x000078d28402ba50
stack at sp + 1 slots: 0x000078d27833f180 is at code_begin+1184 in an Interpreter codelet
return entry points  [0x000078d27833ece0, 0x000078d27833f880]  2976 bytes
stack at sp + 2 slots: 0x000078d284035270 points into unknown readable memory: 0x000078d28a5af000 | 00 f0 5a 8a d2 78 00 00
stack at sp + 3 slots: 
[error occurred during error reporting (inspecting top of stack), id 0x7, SIGBUS (0x7) at pc=0x000078d28a83b02e]
stack at sp + 4 slots: 0x000078d288ffdf00 is pointing into the stack for thread: 0x000078d28402ba50
stack at sp + 5 slots: 0x000078d28a937d3c: <offset 0x0000000000009d3c> in /lib64/ld-linux-x86-64.so.2 at 0x000078d28a92e000
stack at sp + 6 slots: 0x0000000000000145 is an unknown value
stack at sp + 7 slots: 
[error occurred during error reporting (inspecting top of stack, attempt 2), id 0x7, SIGBUS (0x7) at pc=0x000078d28a83b02e]


---------------  P R O C E S S  ---------------

Threads class SMR info:
_java_thread_list=0x000078d1ac1d5f90, length=18, elements={
0x000078d28402ba50, 0x000078d28412d7b0, 0x000078d28412ed10, 0x000078d2841304a0,
0x000078d284131ad0, 0x000078d284133060, 0x000078d284134b90, 0x000078d284136240,
0x000078d2841c4b70, 0x000078d2841c69c0, 0x000078d28437e4a0, 0x000078d2843768c0,
0x000078d2843774b0, 0x000078d284379110, 0x000078d1e0001e60, 0x000078d1c0014900,
0x000078d1ac00cab0, 0x000078d1d0001080
}

Java Threads: ( => current thread )
=>0x000078d28402ba50 JavaThread "main"                              [_thread_in_vm, id=19214, stack(0x000078d288f00000,0x000078d289000000) (1024K)]
  0x000078d28412d7b0 JavaThread "Reference Handler"          daemon [_thread_blocked, id=19224, stack(0x000078d26c0df000,0x000078d26c1df000) (1024K)]
  0x000078d28412ed10 JavaThread "Finalizer"                  daemon [_thread_blocked, id=19225, stack(0x000078d216f00000,0x000078d217000000) (1024K)]
  0x000078d2841304a0 JavaThread "Signal Dispatcher"          daemon [_thread_blocked, id=19226, stack(0x000078d216b00000,0x000078d216c00000) (1024K)]
  0x000078d284131ad0 JavaThread "Service Thread"             daemon [_thread_blocked, id=19227, stack(0x000078d2169ff000,0x000078d216aff000) (1024K)]
  0x000078d284133060 JavaThread "Monitor Deflation Thread"   daemon [_thread_blocked, id=19228, stack(0x000078d2168fe000,0x000078d2169fe000) (1024K)]
  0x000078d284134b90 JavaThread "C2 CompilerThread0"         daemon [_thread_blocked, id=19229, stack(0x000078d2167fd000,0x000078d2168fd000) (1024K)]
  0x000078d284136240 JavaThread "C1 CompilerThread0"         daemon [_thread_blocked, id=19230, stack(0x000078d2166fc000,0x000078d2167fc000) (1024K)]
  0x000078d2841c4b70 JavaThread "Common-Cleaner"             daemon [_thread_blocked, id=19231, stack(0x000078d2165fb000,0x000078d2166fb000) (1024K)]
  0x000078d2841c69c0 JavaThread "Notification Thread"        daemon [_thread_blocked, id=19232, stack(0x000078d2164fa000,0x000078d2165fa000) (1024K)]
  0x000078d28437e4a0 JavaThread "RMI TCP Accept-48186"       daemon [_thread_in_native, id=19242, stack(0x000078d2162f8000,0x000078d2163f8000) (1024K)]
  0x000078d2843768c0 JavaThread "RMI TCP Accept-0"           daemon [_thread_in_native, id=19246, stack(0x000078d215ef4000,0x000078d215ff4000) (1024K)]
  0x000078d2843774b0 JavaThread "RMI Reaper"                        [_thread_blocked, id=19247, stack(0x000078d215df3000,0x000078d215ef3000) (1024K)]
  0x000078d284379110 JavaThread "RMI GC Daemon"              daemon [_thread_blocked, id=19248, stack(0x000078d215cf2000,0x000078d215df2000) (1024K)]
  0x000078d1e0001e60 JavaThread "RMI TCP Connection(idle)"   daemon [_thread_blocked, id=19249, stack(0x000078d215bf1000,0x000078d215cf1000) (1024K)]
  0x000078d1c0014900 JavaThread "RMI Scheduler(0)"           daemon [_thread_blocked, id=19251, stack(0x000078d2159ef000,0x000078d215aef000) (1024K)]
  0x000078d1ac00cab0 JavaThread "RMI RenewClean-[127.0.0.1:43699]" daemon [_thread_blocked, id=19259, stack(0x000078d2156ec000,0x000078d2157ec000) (1024K)]
  0x000078d1d0001080 JavaThread "RMI TCP Connection(idle)"   daemon [_thread_blocked, id=19573, stack(0x000078d2158ee000,0x000078d2159ee000) (1024K)]
Total: 18

Other Threads:
  0x000078d2841226f0 VMThread "VM Thread"                           [id=19223, stack(0x000078d26c1e0000,0x000078d26c2e0000) (1024K)]
  0x000078d284110a40 WatcherThread "VM Periodic Task Thread"        [id=19222, stack(0x000078d26c2e1000,0x000078d26c3e1000) (1024K)]
  0x000078d284064e30 WorkerThread "GC Thread#0"                     [id=19217, stack(0x000078d288300000,0x000078d288400000) (1024K)]
  0x000078d204006870 WorkerThread "GC Thread#1"                     [id=19243, stack(0x000078d2161f7000,0x000078d2162f7000) (1024K)]
  0x000078d204007380 WorkerThread "GC Thread#2"                     [id=19244, stack(0x000078d2160f6000,0x000078d2161f6000) (1024K)]
  0x000078d20400fdd0 WorkerThread "GC Thread#3"                     [id=19245, stack(0x000078d215ff5000,0x000078d2160f5000) (1024K)]
  0x000078d284076420 ConcurrentGCThread "G1 Main Marker"            [id=19218, stack(0x000078d2881ff000,0x000078d2882ff000) (1024K)]
  0x000078d2840773c0 WorkerThread "G1 Conc#0"                       [id=19219, stack(0x000078d2880fe000,0x000078d2881fe000) (1024K)]
  0x000078d2840fce20 ConcurrentGCThread "G1 Refine#0"               [id=19220, stack(0x000078d26c5fd000,0x000078d26c6fd000) (1024K)]
  0x000078d2840fddd0 ConcurrentGCThread "G1 Service"                [id=19221, stack(0x000078d26c4fc000,0x000078d26c5fc000) (1024K)]
Total: 10

Threads with active compile tasks:
Total: 0

VM state: not at safepoint (normal execution)

VM Mutex/Monitor currently owned by a thread: None

Heap address: 0x0000000080000000, size: 2048 MB, Compressed Oops mode: 32-bit

CDS archive(s) mapped at: [0x000078d217000000-0x000078d217d2e000-0x000078d217d2e000), size 13819904, SharedBaseAddress: 0x000078d217000000, ArchiveRelocationMode: 1.
Compressed class space mapped at: 0x000078d218000000-0x000078d258000000, reserved size: 1073741824
Narrow klass base: 0x000078d217000000, Narrow klass shift: 0, Narrow klass range: 0x100000000

GC Precious Log:
 CardTable entry size: 512
 Card Set container configuration: InlinePtr #cards 5 size 8 Array Of Cards #cards 12 size 40 Howl #buckets 4 coarsen threshold 1843 Howl Bitmap #cards 512 size 80 coarsen threshold 460 Card regions per heap region 1 cards per card region 2048
 CPUs: 4 total, 4 available
 Memory: 15946M
 Large Page Support: Disabled
 NUMA Support: Disabled
 Compressed Oops: Enabled (32-bit)
 Heap Region Size: 1M
 Heap Min Capacity: 128M
 Heap Initial Capacity: 128M
 Heap Max Capacity: 2G
 Pre-touch: Disabled
 Parallel Workers: 4
 Concurrent Workers: 1
 Concurrent Refinement Workers: 4
 Periodic GC: Disabled

Heap:
 garbage-first heap   total 131072K, used 14791K [0x0000000080000000, 0x0000000100000000)
  region size 1024K, 5 young (5120K), 0 survivors (0K)
 Metaspace       used 12190K, committed 12672K, reserved 1114112K
  class space    used 1395K, committed 1600K, reserved 1048576K

Heap Regions: E=young(eden), S=young(survivor), O=old, HS=humongous(starts), HC=humongous(continues), CS=collection set, F=free, TAMS=top-at-mark-start, PB=parsable bottom
|   0|0x0000000080000000, 0x0000000080100000, 0x0000000080100000|100%|HS|  |TAMS 0x0000000080000000| PB 0x0000000080000000| Untracked 
|   1|0x0000000080100000, 0x0000000080200000, 0x0000000080200000|100%|HC|  |TAMS 0x0000000080100000| PB 0x0000000080100000| Untracked 
|   2|0x0000000080200000, 0x0000000080300000, 0x0000000080300000|100%|HS|  |TAMS 0x0000000080200000| PB 0x0000000080200000| Untracked 
|   3|0x0000000080300000, 0x0000000080400000, 0x0000000080400000|100%|HS|  |TAMS 0x0000000080300000| PB 0x0000000080300000| Untracked 
|   4|0x0000000080400000, 0x0000000080500000, 0x0000000080500000|100%| O|  |TAMS 0x0000000080400000| PB 0x0000000080400000| Untracked 
|   5|0x0000000080500000, 0x00000000805fffe8, 0x0000000080600000| 99%| O|  |TAMS 0x0000000080500000| PB 0x0000000080500000| Untracked 
|   6|0x0000000080600000, 0x0000000080700000, 0x0000000080700000|100%| O|  |TAMS 0x0000000080600000| PB 0x0000000080600000| Untracked 
|   7|0x0000000080700000, 0x00000000807da4d0, 0x0000000080800000| 85%| O|  |TAMS 0x0000000080700000| PB 0x0000000080700000| Untracked 
|   8|0x0000000080800000, 0x0000000080900000, 0x0000000080900000|100%| O|  |TAMS 0x0000000080800000| PB 0x0000000080800000| Untracked 
|   9|0x0000000080900000, 0x00000000809c8438, 0x0000000080a00000| 78%| O|  |TAMS 0x0000000080900000| PB 0x0000000080900000| Untracked 
|  10|0x0000000080a00000, 0x0000000080a00000, 0x0000000080b00000|  0%| F|  |TAMS 0x0000000080a00000| PB 0x0000000080a00000| Untracked 
|  11|0x0000000080b00000, 0x0000000080bcf378, 0x0000000080c00000| 80%| O|  |TAMS 0x0000000080b00000| PB 0x0000000080b00000| Untracked 
|  12|0x0000000080c00000, 0x0000000080c00000, 0x0000000080d00000|  0%| F|  |TAMS 0x0000000080c00000| PB 0x0000000080c00000| Untracked 
|  13|0x0000000080d00000, 0x0000000080d00000, 0x0000000080e00000|  0%| F|  |TAMS 0x0000000080d00000| PB 0x0000000080d00000| Untracked 
|  14|0x0000000080e00000, 0x0000000080e00000, 0x0000000080f00000|  0%| F|  |TAMS 0x0000000080e00000| PB 0x0000000080e00000| Untracked 
|  15|0x0000000080f00000, 0x0000000080f00000, 0x0000000081000000|  0%| F|  |TAMS 0x0000000080f00000| PB 0x0000000080f00000| Untracked 
|  16|0x0000000081000000, 0x0000000081000000, 0x0000000081100000|  0%| F|  |TAMS 0x0000000081000000| PB 0x0000000081000000| Untracked 
|  17|0x0000000081100000, 0x0000000081100000, 0x0000000081200000|  0%| F|  |TAMS 0x0000000081100000| PB 0x0000000081100000| Untracked 
|  18|0x0000000081200000, 0x0000000081200000, 0x0000000081300000|  0%| F|  |TAMS 0x0000000081200000| PB 0x0000000081200000| Untracked 
|  19|0x0000000081300000, 0x0000000081300000, 0x0000000081400000|  0%| F|  |TAMS 0x0000000081300000| PB 0x0000000081300000| Untracked 
|  20|0x0000000081400000, 0x0000000081400000, 0x0000000081500000|  0%| F|  |TAMS 0x0000000081400000| PB 0x0000000081400000| Untracked 
|  21|0x0000000081500000, 0x0000000081500000, 0x0000000081600000|  0%| F|  |TAMS 0x0000000081500000| PB 0x0000000081500000| Untracked 
|  22|0x0000000081600000, 0x0000000081600000, 0x0000000081700000|  0%| F|  |TAMS 0x0000000081600000| PB 0x0000000081600000| Untracked 
|  23|0x0000000081700000, 0x0000000081700000, 0x0000000081800000|  0%| F|  |TAMS 0x0000000081700000| PB 0x0000000081700000| Untracked 
|  24|0x0000000081800000, 0x0000000081800000, 0x0000000081900000|  0%| F|  |TAMS 0x0000000081800000| PB 0x0000000081800000| Untracked 
|  25|0x0000000081900000, 0x0000000081900000, 0x0000000081a00000|  0%| F|  |TAMS 0x0000000081900000| PB 0x0000000081900000| Untracked 
|  26|0x0000000081a00000, 0x0000000081a00000, 0x0000000081b00000|  0%| F|  |TAMS 0x0000000081a00000| PB 0x0000000081a00000| Untracked 
|  27|0x0000000081b00000, 0x0000000081b00000, 0x0000000081c00000|  0%| F|  |TAMS 0x0000000081b00000| PB 0x0000000081b00000| Untracked 
|  28|0x0000000081c00000, 0x0000000081c00000, 0x0000000081d00000|  0%| F|  |TAMS 0x0000000081c00000| PB 0x0000000081c00000| Untracked 
|  29|0x0000000081d00000, 0x0000000081d00000, 0x0000000081e00000|  0%| F|  |TAMS 0x0000000081d00000| PB 0x0000000081d00000| Untracked 
|  30|0x0000000081e00000, 0x0000000081e00000, 0x0000000081f00000|  0%| F|  |TAMS 0x0000000081e00000| PB 0x0000000081e00000| Untracked 
|  31|0x0000000081f00000, 0x0000000081f00000, 0x0000000082000000|  0%| F|  |TAMS 0x0000000081f00000| PB 0x0000000081f00000| Untracked 
|  32|0x0000000082000000, 0x0000000082000000, 0x0000000082100000|  0%| F|  |TAMS 0x0000000082000000| PB 0x0000000082000000| Untracked 
|  33|0x0000000082100000, 0x0000000082100000, 0x0000000082200000|  0%| F|  |TAMS 0x0000000082100000| PB 0x0000000082100000| Untracked 
|  34|0x0000000082200000, 0x0000000082200000, 0x0000000082300000|  0%| F|  |TAMS 0x0000000082200000| PB 0x0000000082200000| Untracked 
|  35|0x0000000082300000, 0x0000000082300000, 0x0000000082400000|  0%| F|  |TAMS 0x0000000082300000| PB 0x0000000082300000| Untracked 
|  36|0x0000000082400000, 0x0000000082400000, 0x0000000082500000|  0%| F|  |TAMS 0x0000000082400000| PB 0x0000000082400000| Untracked 
|  37|0x0000000082500000, 0x0000000082500000, 0x0000000082600000|  0%| F|  |TAMS 0x0000000082500000| PB 0x0000000082500000| Untracked 
|  38|0x0000000082600000, 0x0000000082600000, 0x0000000082700000|  0%| F|  |TAMS 0x0000000082600000| PB 0x0000000082600000| Untracked 
|  39|0x0000000082700000, 0x0000000082700000, 0x0000000082800000|  0%| F|  |TAMS 0x0000000082700000| PB 0x0000000082700000| Untracked 
|  40|0x0000000082800000, 0x0000000082800000, 0x0000000082900000|  0%| F|  |TAMS 0x0000000082800000| PB 0x0000000082800000| Untracked 
|  41|0x0000000082900000, 0x0000000082900000, 0x0000000082a00000|  0%| F|  |TAMS 0x0000000082900000| PB 0x0000000082900000| Untracked 
|  42|0x0000000082a00000, 0x0000000082a00000, 0x0000000082b00000|  0%| F|  |TAMS 0x0000000082a00000| PB 0x0000000082a00000| Untracked 
|  43|0x0000000082b00000, 0x0000000082b00000, 0x0000000082c00000|  0%| F|  |TAMS 0x0000000082b00000| PB 0x0000000082b00000| Untracked 
|  44|0x0000000082c00000, 0x0000000082c00000, 0x0000000082d00000|  0%| F|  |TAMS 0x0000000082c00000| PB 0x0000000082c00000| Untracked 
|  45|0x0000000082d00000, 0x0000000082d00000, 0x0000000082e00000|  0%| F|  |TAMS 0x0000000082d00000| PB 0x0000000082d00000| Untracked 
|  46|0x0000000082e00000, 0x0000000082e00000, 0x0000000082f00000|  0%| F|  |TAMS 0x0000000082e00000| PB 0x0000000082e00000| Untracked 
|  47|0x0000000082f00000, 0x0000000082f00000, 0x0000000083000000|  0%| F|  |TAMS 0x0000000082f00000| PB 0x0000000082f00000| Untracked 
|  48|0x0000000083000000, 0x0000000083000000, 0x0000000083100000|  0%| F|  |TAMS 0x0000000083000000| PB 0x0000000083000000| Untracked 
|  49|0x0000000083100000, 0x0000000083100000, 0x0000000083200000|  0%| F|  |TAMS 0x0000000083100000| PB 0x0000000083100000| Untracked 
|  50|0x0000000083200000, 0x0000000083200000, 0x0000000083300000|  0%| F|  |TAMS 0x0000000083200000| PB 0x0000000083200000| Untracked 
|  51|0x0000000083300000, 0x0000000083300000, 0x0000000083400000|  0%| F|  |TAMS 0x0000000083300000| PB 0x0000000083300000| Untracked 
|  52|0x0000000083400000, 0x0000000083400000, 0x0000000083500000|  0%| F|  |TAMS 0x0000000083400000| PB 0x0000000083400000| Untracked 
|  53|0x0000000083500000, 0x0000000083500000, 0x0000000083600000|  0%| F|  |TAMS 0x0000000083500000| PB 0x0000000083500000| Untracked 
|  54|0x0000000083600000, 0x0000000083600000, 0x0000000083700000|  0%| F|  |TAMS 0x0000000083600000| PB 0x0000000083600000| Untracked 
|  55|0x0000000083700000, 0x0000000083700000, 0x0000000083800000|  0%| F|  |TAMS 0x0000000083700000| PB 0x0000000083700000| Untracked 
|  56|0x0000000083800000, 0x0000000083800000, 0x0000000083900000|  0%| F|  |TAMS 0x0000000083800000| PB 0x0000000083800000| Untracked 
|  57|0x0000000083900000, 0x0000000083900000, 0x0000000083a00000|  0%| F|  |TAMS 0x0000000083900000| PB 0x0000000083900000| Untracked 
|  58|0x0000000083a00000, 0x0000000083a00000, 0x0000000083b00000|  0%| F|  |TAMS 0x0000000083a00000| PB 0x0000000083a00000| Untracked 
|  59|0x0000000083b00000, 0x0000000083b00000, 0x0000000083c00000|  0%| F|  |TAMS 0x0000000083b00000| PB 0x0000000083b00000| Untracked 
|  60|0x0000000083c00000, 0x0000000083c00000, 0x0000000083d00000|  0%| F|  |TAMS 0x0000000083c00000| PB 0x0000000083c00000| Untracked 
|  61|0x0000000083d00000, 0x0000000083d00000, 0x0000000083e00000|  0%| F|  |TAMS 0x0000000083d00000| PB 0x0000000083d00000| Untracked 
|  62|0x0000000083e00000, 0x0000000083e00000, 0x0000000083f00000|  0%| F|  |TAMS 0x0000000083e00000| PB 0x0000000083e00000| Untracked 
|  63|0x0000000083f00000, 0x0000000083f00000, 0x0000000084000000|  0%| F|  |TAMS 0x0000000083f00000| PB 0x0000000083f00000| Untracked 
|  64|0x0000000084000000, 0x0000000084000000, 0x0000000084100000|  0%| F|  |TAMS 0x0000000084000000| PB 0x0000000084000000| Untracked 
|  65|0x0000000084100000, 0x0000000084100000, 0x0000000084200000|  0%| F|  |TAMS 0x0000000084100000| PB 0x0000000084100000| Untracked 
|  66|0x0000000084200000, 0x0000000084200000, 0x0000000084300000|  0%| F|  |TAMS 0x0000000084200000| PB 0x0000000084200000| Untracked 
|  67|0x0000000084300000, 0x0000000084300000, 0x0000000084400000|  0%| F|  |TAMS 0x0000000084300000| PB 0x0000000084300000| Untracked 
|  68|0x0000000084400000, 0x0000000084400000, 0x0000000084500000|  0%| F|  |TAMS 0x0000000084400000| PB 0x0000000084400000| Untracked 
|  69|0x0000000084500000, 0x0000000084500000, 0x0000000084600000|  0%| F|  |TAMS 0x0000000084500000| PB 0x0000000084500000| Untracked 
|  70|0x0000000084600000, 0x0000000084600000, 0x0000000084700000|  0%| F|  |TAMS 0x0000000084600000| PB 0x0000000084600000| Untracked 
|  71|0x0000000084700000, 0x0000000084700000, 0x0000000084800000|  0%| F|  |TAMS 0x0000000084700000| PB 0x0000000084700000| Untracked 
|  72|0x0000000084800000, 0x0000000084800000, 0x0000000084900000|  0%| F|  |TAMS 0x0000000084800000| PB 0x0000000084800000| Untracked 
|  73|0x0000000084900000, 0x0000000084900000, 0x0000000084a00000|  0%| F|  |TAMS 0x0000000084900000| PB 0x0000000084900000| Untracked 
|  74|0x0000000084a00000, 0x0000000084a00000, 0x0000000084b00000|  0%| F|  |TAMS 0x0000000084a00000| PB 0x0000000084a00000| Untracked 
|  75|0x0000000084b00000, 0x0000000084b00000, 0x0000000084c00000|  0%| F|  |TAMS 0x0000000084b00000| PB 0x0000000084b00000| Untracked 
|  76|0x0000000084c00000, 0x0000000084c00000, 0x0000000084d00000|  0%| F|  |TAMS 0x0000000084c00000| PB 0x0000000084c00000| Untracked 
|  77|0x0000000084d00000, 0x0000000084d00000, 0x0000000084e00000|  0%| F|  |TAMS 0x0000000084d00000| PB 0x0000000084d00000| Untracked 
|  78|0x0000000084e00000, 0x0000000084e00000, 0x0000000084f00000|  0%| F|  |TAMS 0x0000000084e00000| PB 0x0000000084e00000| Untracked 
|  79|0x0000000084f00000, 0x0000000084f00000, 0x0000000085000000|  0%| F|  |TAMS 0x0000000084f00000| PB 0x0000000084f00000| Untracked 
|  80|0x0000000085000000, 0x0000000085000000, 0x0000000085100000|  0%| F|  |TAMS 0x0000000085000000| PB 0x0000000085000000| Untracked 
|  81|0x0000000085100000, 0x0000000085100000, 0x0000000085200000|  0%| F|  |TAMS 0x0000000085100000| PB 0x0000000085100000| Untracked 
|  82|0x0000000085200000, 0x0000000085200000, 0x0000000085300000|  0%| F|  |TAMS 0x0000000085200000| PB 0x0000000085200000| Untracked 
|  83|0x0000000085300000, 0x0000000085300000, 0x0000000085400000|  0%| F|  |TAMS 0x0000000085300000| PB 0x0000000085300000| Untracked 
|  84|0x0000000085400000, 0x0000000085400000, 0x0000000085500000|  0%| F|  |TAMS 0x0000000085400000| PB 0x0000000085400000| Untracked 
|  85|0x0000000085500000, 0x0000000085500000, 0x0000000085600000|  0%| F|  |TAMS 0x0000000085500000| PB 0x0000000085500000| Untracked 
|  86|0x0000000085600000, 0x0000000085600000, 0x0000000085700000|  0%| F|  |TAMS 0x0000000085600000| PB 0x0000000085600000| Untracked 
|  87|0x0000000085700000, 0x0000000085700000, 0x0000000085800000|  0%| F|  |TAMS 0x0000000085700000| PB 0x0000000085700000| Untracked 
|  88|0x0000000085800000, 0x0000000085800000, 0x0000000085900000|  0%| F|  |TAMS 0x0000000085800000| PB 0x0000000085800000| Untracked 
|  89|0x0000000085900000, 0x0000000085900000, 0x0000000085a00000|  0%| F|  |TAMS 0x0000000085900000| PB 0x0000000085900000| Untracked 
|  90|0x0000000085a00000, 0x0000000085a00000, 0x0000000085b00000|  0%| F|  |TAMS 0x0000000085a00000| PB 0x0000000085a00000| Untracked 
|  91|0x0000000085b00000, 0x0000000085b00000, 0x0000000085c00000|  0%| F|  |TAMS 0x0000000085b00000| PB 0x0000000085b00000| Untracked 
|  92|0x0000000085c00000, 0x0000000085c00000, 0x0000000085d00000|  0%| F|  |TAMS 0x0000000085c00000| PB 0x0000000085c00000| Untracked 
|  93|0x0000000085d00000, 0x0000000085d00000, 0x0000000085e00000|  0%| F|  |TAMS 0x0000000085d00000| PB 0x0000000085d00000| Untracked 
|  94|0x0000000085e00000, 0x0000000085e00000, 0x0000000085f00000|  0%| F|  |TAMS 0x0000000085e00000| PB 0x0000000085e00000| Untracked 
|  95|0x0000000085f00000, 0x0000000085f00000, 0x0000000086000000|  0%| F|  |TAMS 0x0000000085f00000| PB 0x0000000085f00000| Untracked 
|  96|0x0000000086000000, 0x0000000086000000, 0x0000000086100000|  0%| F|  |TAMS 0x0000000086000000| PB 0x0000000086000000| Untracked 
|  97|0x0000000086100000, 0x0000000086100000, 0x0000000086200000|  0%| F|  |TAMS 0x0000000086100000| PB 0x0000000086100000| Untracked 
|  98|0x0000000086200000, 0x0000000086200000, 0x0000000086300000|  0%| F|  |TAMS 0x0000000086200000| PB 0x0000000086200000| Untracked 
|  99|0x0000000086300000, 0x0000000086300000, 0x0000000086400000|  0%| F|  |TAMS 0x0000000086300000| PB 0x0000000086300000| Untracked 
| 100|0x0000000086400000, 0x0000000086400000, 0x0000000086500000|  0%| F|  |TAMS 0x0000000086400000| PB 0x0000000086400000| Untracked 
| 101|0x0000000086500000, 0x0000000086500000, 0x0000000086600000|  0%| F|  |TAMS 0x0000000086500000| PB 0x0000000086500000| Untracked 
| 102|0x0000000086600000, 0x0000000086600000, 0x0000000086700000|  0%| F|  |TAMS 0x0000000086600000| PB 0x0000000086600000| Untracked 
| 103|0x0000000086700000, 0x0000000086700000, 0x0000000086800000|  0%| F|  |TAMS 0x0000000086700000| PB 0x0000000086700000| Untracked 
| 104|0x0000000086800000, 0x0000000086800000, 0x0000000086900000|  0%| F|  |TAMS 0x0000000086800000| PB 0x0000000086800000| Untracked 
| 105|0x0000000086900000, 0x0000000086900000, 0x0000000086a00000|  0%| F|  |TAMS 0x0000000086900000| PB 0x0000000086900000| Untracked 
| 106|0x0000000086a00000, 0x0000000086a00000, 0x0000000086b00000|  0%| F|  |TAMS 0x0000000086a00000| PB 0x0000000086a00000| Untracked 
| 107|0x0000000086b00000, 0x0000000086b00000, 0x0000000086c00000|  0%| F|  |TAMS 0x0000000086b00000| PB 0x0000000086b00000| Untracked 
| 108|0x0000000086c00000, 0x0000000086c00000, 0x0000000086d00000|  0%| F|  |TAMS 0x0000000086c00000| PB 0x0000000086c00000| Untracked 
| 109|0x0000000086d00000, 0x0000000086d00000, 0x0000000086e00000|  0%| F|  |TAMS 0x0000000086d00000| PB 0x0000000086d00000| Untracked 
| 110|0x0000000086e00000, 0x0000000086e00000, 0x0000000086f00000|  0%| F|  |TAMS 0x0000000086e00000| PB 0x0000000086e00000| Untracked 
| 111|0x0000000086f00000, 0x0000000086f00000, 0x0000000087000000|  0%| F|  |TAMS 0x0000000086f00000| PB 0x0000000086f00000| Untracked 
| 112|0x0000000087000000, 0x0000000087000000, 0x0000000087100000|  0%| F|  |TAMS 0x0000000087000000| PB 0x0000000087000000| Untracked 
| 113|0x0000000087100000, 0x0000000087100000, 0x0000000087200000|  0%| F|  |TAMS 0x0000000087100000| PB 0x0000000087100000| Untracked 
| 114|0x0000000087200000, 0x0000000087200000, 0x0000000087300000|  0%| F|  |TAMS 0x0000000087200000| PB 0x0000000087200000| Untracked 
| 115|0x0000000087300000, 0x0000000087300000, 0x0000000087400000|  0%| F|  |TAMS 0x0000000087300000| PB 0x0000000087300000| Untracked 
| 116|0x0000000087400000, 0x0000000087400000, 0x0000000087500000|  0%| F|  |TAMS 0x0000000087400000| PB 0x0000000087400000| Untracked 
| 117|0x0000000087500000, 0x0000000087500000, 0x0000000087600000|  0%| F|  |TAMS 0x0000000087500000| PB 0x0000000087500000| Untracked 
| 118|0x0000000087600000, 0x0000000087600000, 0x0000000087700000|  0%| F|  |TAMS 0x0000000087600000| PB 0x0000000087600000| Untracked 
| 119|0x0000000087700000, 0x0000000087700000, 0x0000000087800000|  0%| F|  |TAMS 0x0000000087700000| PB 0x0000000087700000| Untracked 
| 120|0x0000000087800000, 0x0000000087800000, 0x0000000087900000|  0%| F|  |TAMS 0x0000000087800000| PB 0x0000000087800000| Untracked 
| 121|0x0000000087900000, 0x0000000087900000, 0x0000000087a00000|  0%| F|  |TAMS 0x0000000087900000| PB 0x0000000087900000| Untracked 
| 122|0x0000000087a00000, 0x0000000087a00000, 0x0000000087b00000|  0%| F|  |TAMS 0x0000000087a00000| PB 0x0000000087a00000| Untracked 
| 123|0x0000000087b00000, 0x0000000087bde940, 0x0000000087c00000| 86%| E|  |TAMS 0x0000000087b00000| PB 0x0000000087b00000| Complete 
| 124|0x0000000087c00000, 0x0000000087d00000, 0x0000000087d00000|100%| E|CS|TAMS 0x0000000087c00000| PB 0x0000000087c00000| Complete 
| 125|0x0000000087d00000, 0x0000000087e00000, 0x0000000087e00000|100%| E|CS|TAMS 0x0000000087d00000| PB 0x0000000087d00000| Complete 
| 126|0x0000000087e00000, 0x0000000087f00000, 0x0000000087f00000|100%| E|CS|TAMS 0x0000000087e00000| PB 0x0000000087e00000| Complete 
| 127|0x0000000087f00000, 0x0000000088000000, 0x0000000088000000|100%| E|CS|TAMS 0x0000000087f00000| PB 0x0000000087f00000| Complete 

Card table byte_map: [0x000078d270a00000,0x000078d270e00000] _byte_map_base: 0x000078d270600000

Marking Bits: (CMBitMap*) 0x000078d284065950
 Bits: [0x000078d26ea00000, 0x000078d270a00000)

Polling page: 0x000078d28a903000

Metaspace:

Usage:
  Non-class:     10.54 MB used.
      Class:      1.36 MB used.
       Both:     11.90 MB used.

Virtual space:
  Non-class space:       64.00 MB reserved,      10.81 MB ( 17%) committed,  1 nodes.
      Class space:        1.00 GB reserved,       1.56 MB ( <1%) committed,  1 nodes.
             Both:        1.06 GB reserved,      12.38 MB (  1%) committed. 

Chunk freelists:
   Non-Class:  4.67 MB
       Class:  14.39 MB
        Both:  19.06 MB

MaxMetaspaceSize: unlimited
CompressedClassSpaceSize: 1.00 GB
Initial GC threshold: 21.00 MB
Current GC threshold: 21.00 MB
CDS: on
 - commit_granule_bytes: 65536.
 - commit_granule_words: 8192.
 - virtual_space_node_default_size: 8388608.
 - enlarge_chunks_in_place: 1.
 - use_allocation_guard: 0.


Internal statistics:

num_allocs_failed_limit: 0.
num_arena_births: 586.
num_arena_deaths: 18.
num_vsnodes_births: 2.
num_vsnodes_deaths: 0.
num_space_committed: 198.
num_space_uncommitted: 0.
num_chunks_returned_to_freelist: 27.
num_chunks_taken_from_freelist: 1060.
num_chunk_merges: 4.
num_chunk_splits: 617.
num_chunks_enlarged: 253.
num_inconsistent_stats: 0.

CodeHeap 'non-profiled nmethods': size=120032Kb used=1099Kb max_used=1099Kb free=118932Kb
 bounds [0x000078d2788c8000, 0x000078d278b38000, 0x000078d27fe00000]
CodeHeap 'profiled nmethods': size=120028Kb used=4825Kb max_used=4825Kb free=115203Kb
 bounds [0x000078d270e00000, 0x000078d2712c0000, 0x000078d278337000]
CodeHeap 'non-nmethods': size=5700Kb used=1433Kb max_used=1498Kb free=4266Kb
 bounds [0x000078d278337000, 0x000078d2785a7000, 0x000078d2788c8000]
 total_blobs=3003 nmethods=2470 adapters=438
 compilation: enabled
              stopped_count=0, restarted_count=0
 full_count=0

Compilation events (20 events):
Event: 5103.552 Thread 0x000078d284136240 2461       3       java.net.URI$Parser::at (23 bytes)
Event: 5103.553 Thread 0x000078d284136240 nmethod 2461 0x000078d2712b5490 code [0x000078d2712b5680, 0x000078d2712b5c78]
Event: 5474.372 Thread 0x000078d284134b90 2462       4       java.io.ObjectOutputStream$HandleTable::<init> (45 bytes)
Event: 5474.403 Thread 0x000078d284134b90 nmethod 2462 0x000078d2789d2890 code [0x000078d2789d2a60, 0x000078d2789d3428]
Event: 5528.388 Thread 0x000078d284134b90 2463       4       java.lang.ThreadLocal$ThreadLocalMap::set (133 bytes)
Event: 5528.407 Thread 0x000078d284134b90 nmethod 2463 0x000078d2789d3710 code [0x000078d2789d38e0, 0x000078d2789d3fa0]
Event: 5606.274 Thread 0x000078d284134b90 2464   !   4       java.io.ObjectInputStream::readObject0 (681 bytes)
Event: 5606.330 Thread 0x000078d284134b90 nmethod 2464 0x000078d2789d4210 code [0x000078d2789d4660, 0x000078d2789d6798]
Event: 5645.411 Thread 0x000078d284134b90 2465       4       java.io.FilterInputStream::read (8 bytes)
Event: 5645.419 Thread 0x000078d284134b90 nmethod 2465 0x000078d2789d7c10 code [0x000078d2789d7e60, 0x000078d2789d8798]
Event: 5807.445 Thread 0x000078d284134b90 2466   !   4       sun.rmi.transport.StreamRemoteCall::releaseInputStream (62 bytes)
Event: 5807.458 Thread 0x000078d284134b90 nmethod 2466 0x000078d2789d8d10 code [0x000078d2789d8fa0, 0x000078d2789d9b60]
Event: 6003.556 Thread 0x000078d284136240 2467       3       java.io.DataOutputStream::flush (8 bytes)
Event: 6003.556 Thread 0x000078d284136240 nmethod 2467 0x000078d2712b5f90 code [0x000078d2712b6140, 0x000078d2712b6310]
Event: 6140.511 Thread 0x000078d284134b90 2468       4       java.io.ObjectInputStream::readLong (8 bytes)
Event: 6140.512 Thread 0x000078d284134b90 nmethod 2468 0x000078d2789da410 code [0x000078d2789da5a0, 0x000078d2789da678]
Event: 6314.494 Thread 0x000078d284134b90 2469       4       jdk.internal.misc.Unsafe::weakCompareAndSetInt (11 bytes)
Event: 6314.494 Thread 0x000078d284134b90 nmethod 2469 0x000078d2789da790 code [0x000078d2789da900, 0x000078d2789da9a0]
Event: 6374.553 Thread 0x000078d284134b90 2470       4       java.lang.Thread::setContextClassLoader (28 bytes)
Event: 6374.557 Thread 0x000078d284134b90 nmethod 2470 0x000078d2789daa90 code [0x000078d2789dac00, 0x000078d2789dad78]

GC Heap History (6 events):
Event: 0.527 GC heap before
{Heap before GC invocations=0 (full 0):
 garbage-first heap   total 133120K, used 17454K [0x0000000080000000, 0x0000000100000000)
  region size 1024K, 13 young (13312K), 0 survivors (0K)
 Metaspace       used 4804K, committed 5056K, reserved 1114112K
  class space    used 611K, committed 768K, reserved 1048576K
}
Event: 0.542 GC heap after
{Heap after GC invocations=1 (full 0):
 garbage-first heap   total 133120K, used 8943K [0x0000000080000000, 0x0000000100000000)
  region size 1024K, 2 young (2048K), 2 survivors (2048K)
 Metaspace       used 4804K, committed 5056K, reserved 1114112K
  class space    used 611K, committed 768K, reserved 1048576K
}
Event: 0.923 GC heap before
{Heap before GC invocations=1 (full 0):
 garbage-first heap   total 133120K, used 22255K [0x0000000080000000, 0x0000000100000000)
  region size 1024K, 16 young (16384K), 2 survivors (2048K)
 Metaspace       used 10237K, committed 10688K, reserved 1114112K
  class space    used 1257K, committed 1472K, reserved 1048576K
}
Event: 0.928 GC heap after
{Heap after GC invocations=2 (full 0):
 garbage-first heap   total 133120K, used 11024K [0x0000000080000000, 0x0000000100000000)
  region size 1024K, 2 young (2048K), 2 survivors (2048K)
 Metaspace       used 10237K, committed 10688K, reserved 1114112K
  class space    used 1257K, committed 1472K, reserved 1048576K
}
Event: 3600.002 GC heap before
{Heap before GC invocations=2 (full 0):
 garbage-first heap   total 133120K, used 38672K [0x0000000080000000, 0x0000000100000000)
  region size 1024K, 30 young (30720K), 2 survivors (2048K)
 Metaspace       used 12215K, committed 12672K, reserved 1114112K
  class space    used 1400K, committed 1600K, reserved 1048576K
}
Event: 3600.043 GC heap after
{Heap after GC invocations=3 (full 1):
 garbage-first heap   total 131072K, used 10695K [0x0000000080000000, 0x0000000100000000)
  region size 1024K, 0 young (0K), 0 survivors (0K)
 Metaspace       used 12190K, committed 12672K, reserved 1114112K
  class space    used 1395K, committed 1600K, reserved 1048576K
}

Dll operation events (8 events):
Event: 0.001 Loaded shared library /home/dityara/.local/share/JetBrains/Toolbox/apps/phpstorm/jbr/lib/libjava.so
Event: 0.018 Loaded shared library /home/dityara/.local/share/JetBrains/Toolbox/apps/phpstorm/jbr/lib/libzip.so
Event: 0.038 Loaded shared library /home/dityara/.local/share/JetBrains/Toolbox/apps/phpstorm/jbr/lib/libnio.so
Event: 0.055 Loaded shared library /home/dityara/.local/share/JetBrains/Toolbox/apps/phpstorm/jbr/lib/libzip.so
Event: 0.085 Loaded shared library /home/dityara/.local/share/JetBrains/Toolbox/apps/phpstorm/jbr/lib/libjimage.so
Event: 0.463 Loaded shared library /home/dityara/.local/share/JetBrains/Toolbox/apps/phpstorm/jbr/lib/libnet.so
Event: 0.506 Loaded shared library /home/dityara/.local/share/JetBrains/Toolbox/apps/phpstorm/jbr/lib/libextnet.so
Event: 0.560 Loaded shared library /home/dityara/.local/share/JetBrains/Toolbox/apps/phpstorm/jbr/lib/librmi.so

Deoptimization events (20 events):
Event: 30.685 Thread 0x000078d1d0001080 Uncommon trap: trap_request=0xffffff45 fr.pc=0x000078d27897a624 relative=0x0000000000000744
Event: 30.685 Thread 0x000078d1d0001080 Uncommon trap: reason=unstable_if action=reinterpret pc=0x000078d27897a624 method=java.io.BufferedInputStream.implRead()I @ 23 c2
Event: 30.685 Thread 0x000078d1d0001080 DEOPT PACKING pc=0x000078d27897a624 sp=0x000078d2159ec430
Event: 30.686 Thread 0x000078d1d0001080 DEOPT UNPACKING pc=0x000078d27838af99 sp=0x000078d2159ec378 mode 2
Event: 226.083 Thread 0x000078d1d0001080 Uncommon trap: trap_request=0xffffff45 fr.pc=0x000078d27898672c relative=0x000000000000018c
Event: 226.083 Thread 0x000078d1d0001080 Uncommon trap: reason=unstable_if action=reinterpret pc=0x000078d27898672c method=java.lang.ThreadLocal$ThreadLocalMap.getEntry(Ljava/lang/ThreadLocal;)Ljava/lang/ThreadLocal$ThreadLocalMap$Entry; @ 21 c2
Event: 226.083 Thread 0x000078d1d0001080 DEOPT PACKING pc=0x000078d27898672c sp=0x000078d2159ebef0
Event: 226.083 Thread 0x000078d1d0001080 DEOPT UNPACKING pc=0x000078d27838af99 sp=0x000078d2159ebdd0 mode 2
Event: 226.083 Thread 0x000078d1d0001080 Uncommon trap: trap_request=0xffffff45 fr.pc=0x000078d278985594 relative=0x0000000000000174
Event: 226.083 Thread 0x000078d1d0001080 Uncommon trap: reason=unstable_if action=reinterpret pc=0x000078d278985594 method=java.lang.ThreadLocal$ThreadLocalMap.getEntry(Ljava/lang/ThreadLocal;)Ljava/lang/ThreadLocal$ThreadLocalMap$Entry; @ 21 c2
Event: 226.083 Thread 0x000078d1d0001080 DEOPT PACKING pc=0x000078d278985594 sp=0x000078d2159ebcc0
Event: 226.083 Thread 0x000078d1d0001080 DEOPT UNPACKING pc=0x000078d27838af99 sp=0x000078d2159ebc00 mode 2
Event: 255.688 Thread 0x000078d1d0002290 Uncommon trap: trap_request=0xffffff45 fr.pc=0x000078d278979828 relative=0x00000000000000e8
Event: 255.688 Thread 0x000078d1d0002290 Uncommon trap: reason=unstable_if action=reinterpret pc=0x000078d278979828 method=java.io.BufferedInputStream.implRead()I @ 23 c2
Event: 255.688 Thread 0x000078d1d0002290 DEOPT PACKING pc=0x000078d278979828 sp=0x000078d2158eb390
Event: 255.688 Thread 0x000078d1d0002290 DEOPT UNPACKING pc=0x000078d27838af99 sp=0x000078d2158eb340 mode 2
Event: 303.527 Thread 0x000078d1ac00cab0 Uncommon trap: trap_request=0xffffff45 fr.pc=0x000078d2789a04cc relative=0x000000000000042c
Event: 303.527 Thread 0x000078d1ac00cab0 Uncommon trap: reason=unstable_if action=reinterpret pc=0x000078d2789a04cc method=java.lang.ThreadLocal.get(Ljava/lang/Thread;)Ljava/lang/Object; @ 7 c2
Event: 303.528 Thread 0x000078d1ac00cab0 DEOPT PACKING pc=0x000078d2789a04cc sp=0x000078d2157e9f80
Event: 303.528 Thread 0x000078d1ac00cab0 DEOPT UNPACKING pc=0x000078d27838af99 sp=0x000078d2157e9db0 mode 2

Classes loaded (20 events):
Event: 1.138 Loading class java/util/regex/Pattern$NotBehind
Event: 1.138 Loading class java/util/regex/Pattern$NotBehind done
Event: 1.138 Loading class java/util/regex/Pattern$Pos
Event: 1.138 Loading class java/util/regex/Pattern$Pos done
Event: 1.339 Loading class java/math/MathContext
Event: 1.339 Loading class java/math/MathContext done
Event: 1.339 Loading class java/math/MutableBigInteger
Event: 1.339 Loading class java/math/MutableBigInteger done
Event: 1.344 Loading class java/math/BigDecimal$UnsafeHolder
Event: 1.344 Loading class java/math/BigDecimal$UnsafeHolder done
Event: 1.345 Loading class java/io/ObjectOutputStream$PutFieldImpl
Event: 1.345 Loading class java/io/ObjectOutputStream$PutField
Event: 1.345 Loading class java/io/ObjectOutputStream$PutField done
Event: 1.345 Loading class java/io/ObjectOutputStream$PutFieldImpl done
Event: 3.661 Loading class java/util/DualPivotQuicksort
Event: 3.661 Loading class java/util/DualPivotQuicksort done
Event: 15.723 Loading class java/util/ArrayList$ListItr
Event: 15.723 Loading class java/util/ArrayList$ListItr done
Event: 3600.043 Loading class sun/rmi/transport/DGCClient$EndpointEntry$CleanRequest
Event: 3600.043 Loading class sun/rmi/transport/DGCClient$EndpointEntry$CleanRequest done

Classes unloaded (9 events):
Event: 3600.015 Thread 0x000078d2841226f0 Unloading class 0x000078d2180a9400 'jdk/internal/reflect/GeneratedSerializationConstructorAccessor15'
Event: 3600.015 Thread 0x000078d2841226f0 Unloading class 0x000078d2180a8c00 'jdk/internal/reflect/GeneratedSerializationConstructorAccessor13'
Event: 3600.015 Thread 0x000078d2841226f0 Unloading class 0x000078d2180a8400 'jdk/internal/reflect/GeneratedSerializationConstructorAccessor11'
Event: 3600.015 Thread 0x000078d2841226f0 Unloading class 0x000078d2180a7c00 'jdk/internal/reflect/GeneratedSerializationConstructorAccessor9'
Event: 3600.015 Thread 0x000078d2841226f0 Unloading class 0x000078d2180a6000 'jdk/internal/reflect/GeneratedSerializationConstructorAccessor6'
Event: 3600.015 Thread 0x000078d2841226f0 Unloading class 0x000078d2180a5000 'jdk/internal/reflect/GeneratedSerializationConstructorAccessor2'
Event: 3600.015 Thread 0x000078d2841226f0 Unloading class 0x000078d2180a4c00 'java/lang/invoke/LambdaForm$MH+0x000078d2180a4c00'
Event: 3600.015 Thread 0x000078d2841226f0 Unloading class 0x000078d2180a4800 'java/lang/invoke/LambdaForm$DMH+0x000078d2180a4800'
Event: 3600.015 Thread 0x000078d2841226f0 Unloading class 0x000078d2180a0800 'java/lang/invoke/LambdaForm$MH+0x000078d2180a0800'

Classes redefined (0 events):
No events

Internal exceptions (20 events):
Event: 1.101 Thread 0x000078d1d0002290 Exception <a 'java/lang/NoSuchMethodError'{0x0000000087c0af50}: 'java.lang.Object java.lang.invoke.DirectMethodHandle$Holder.invokeInterface(java.lang.Object, java.lang.Object, int)'> (0x0000000087c0af50) 
thrown [src/hotspot/share/interpreter/linkResolver.cpp, line 783]
Event: 1.117 Thread 0x000078d1d0002290 Exception <a 'java/lang/NoSuchMethodError'{0x0000000087c67570}: 'void java.lang.invoke.DirectMethodHandle$Holder.invokeInterface(java.lang.Object, java.lang.Object)'> (0x0000000087c67570) 
thrown [src/hotspot/share/interpreter/linkResolver.cpp, line 783]
Event: 1.139 Thread 0x000078d1d0002290 Exception <a 'java/lang/NoSuchMethodError'{0x0000000087b58fc0}: static Lcom/intellij/database/remote/jdba/core/ConnectionInfo;.<clinit>()V> (0x0000000087b58fc0) 
thrown [src/hotspot/share/prims/jni.cpp, line 1139]
Event: 1.139 Thread 0x000078d1d0002290 Exception <a 'java/lang/NoSuchMethodError'{0x0000000087b63ae8}: static Ljava/lang/Object;.<clinit>()V> (0x0000000087b63ae8) 
thrown [src/hotspot/share/prims/jni.cpp, line 1139]
Event: 1.140 Thread 0x000078d1d0002290 Exception <a 'java/lang/NoSuchMethodError'{0x0000000087b680c8}: static [I.<clinit>()V> (0x0000000087b680c8) 
thrown [src/hotspot/share/prims/jni.cpp, line 1139]
Event: 1.151 Thread 0x000078d1d0002290 Exception <a 'java/lang/NoSuchMethodError'{0x0000000087b8c5b8}: 'java.lang.Object java.lang.invoke.DirectMethodHandle$Holder.invokeInterface(java.lang.Object, java.lang.Object, java.lang.Object, java.lang.Object)'> (0x0000000087b8c5b8) 
thrown [src/hotspot/share/interpreter/linkResolver.cpp, line 783]
Event: 1.186 Thread 0x000078d1d0002290 Exception <a 'java/lang/NoSuchMethodError'{0x0000000087a922f0}: static Lcom/intellij/database/remote/jdba/core/ResultLayout;.<clinit>()V> (0x0000000087a922f0) 
thrown [src/hotspot/share/prims/jni.cpp, line 1139]
Event: 1.186 Thread 0x000078d1d0002290 Exception <a 'java/lang/NoSuchMethodError'{0x0000000087a9f700}: static Lcom/intellij/database/remote/jdba/core/RowLayout;.<clinit>()V> (0x0000000087a9f700) 
thrown [src/hotspot/share/prims/jni.cpp, line 1139]
Event: 1.187 Thread 0x000078d1d0002290 Exception <a 'java/lang/NoSuchMethodError'{0x0000000087aab1a8}: static Lcom/intellij/database/remote/jdba/util/NameAndClass;.<clinit>()V> (0x0000000087aab1a8) 
thrown [src/hotspot/share/prims/jni.cpp, line 1139]
Event: 1.187 Thread 0x000078d1d0002290 Exception <a 'java/lang/NoSuchMethodError'{0x0000000087aadeb8}: 'java.lang.Object java.lang.invoke.DirectMethodHandle$Holder.invokeInterface(java.lang.Object, java.lang.Object, int, java.lang.Object)'> (0x0000000087aadeb8) 
thrown [src/hotspot/share/interpreter/linkResolver.cpp, line 783]
Event: 1.188 Thread 0x000078d1d0002290 Exception <a 'java/lang/NoSuchMethodError'{0x0000000087ab2058}: 'java.lang.Object java.lang.invoke.DirectMethodHandle$Holder.invokeSpecial(java.lang.Object, java.lang.Object, java.lang.Object, int, java.lang.Object)'> (0x0000000087ab2058) 
thrown [src/hotspot/share/interpreter/linkResolver.cpp, line 783]
Event: 1.234 Thread 0x000078d1d0002290 Exception <a 'java/lang/NoSuchMethodError'{0x000000008795fa90}: static [Ljava/lang/String;.<clinit>()V> (0x000000008795fa90) 
thrown [src/hotspot/share/prims/jni.cpp, line 1139]
Event: 1.309 Thread 0x000078d1d0002290 Exception <a 'java/lang/NoSuchMethodError'{0x00000000879bd4b8}: static [Ljava/lang/Object;.<clinit>()V> (0x00000000879bd4b8) 
thrown [src/hotspot/share/prims/jni.cpp, line 1139]
Event: 3.657 Thread 0x000078d1d0002290 Exception <a 'java/lang/NoSuchMethodError'{0x000000008683ec40}: 'int java.lang.invoke.DirectMethodHandle$Holder.invokeInterface(java.lang.Object, java.lang.Object, int, int)'> (0x000000008683ec40) 
thrown [src/hotspot/share/interpreter/linkResolver.cpp, line 783]
Event: 3.658 Thread 0x000078d1d0002290 Exception <a 'java/lang/NoSuchMethodError'{0x0000000086845bf0}: 'int java.lang.invoke.DelegatingMethodHandle$Holder.reinvoke_L(java.lang.Object, java.lang.Object, int, int)'> (0x0000000086845bf0) 
thrown [src/hotspot/share/interpreter/linkResolver.cpp, line 783]
Event: 3.659 Thread 0x000078d1d0002290 Exception <a 'java/lang/NoSuchMethodError'{0x000000008685c998}: static Lcom/intellij/database/remote/jdbc/RemoteResultSet$DataRetrievingOptions;.<clinit>()V> (0x000000008685c998) 
thrown [src/hotspot/share/prims/jni.cpp, line 1139]
Event: 3.662 Thread 0x000078d1d0002290 Exception <a 'java/lang/NoSuchMethodError'{0x000000008687c158}: static Lcom/intellij/database/remote/jdbc/impl/UnparsedValue;.<clinit>()V> (0x000000008687c158) 
thrown [src/hotspot/share/prims/jni.cpp, line 1139]
Event: 226.083 Thread 0x000078d1d0001080 Implicit null exception at 0x000078d27898662b to 0x000078d278986710
Event: 226.083 Thread 0x000078d1d0001080 Implicit null exception at 0x000078d2789854ab to 0x000078d278985580
Event: 303.527 Thread 0x000078d1ac00cab0 Implicit null exception at 0x000078d2789a00e1 to 0x000078d2789a04b0

ZGC Phase Switch (0 events):
No events

VM Operations (20 events):
Event: 2693.400 Executing VM operation: Cleanup
Event: 2693.400 Executing VM operation: Cleanup done
Event: 2704.401 Executing VM operation: Cleanup
Event: 2704.401 Executing VM operation: Cleanup done
Event: 2846.417 Executing VM operation: Cleanup
Event: 2846.417 Executing VM operation: Cleanup done
Event: 3305.475 Executing VM operation: Cleanup
Event: 3305.475 Executing VM operation: Cleanup done
Event: 3600.002 Executing VM operation: G1CollectFull (System.gc())
Event: 3600.043 Executing VM operation: G1CollectFull (System.gc()) done
Event: 3601.043 Executing VM operation: Cleanup
Event: 3601.043 Executing VM operation: Cleanup done
Event: 3944.089 Executing VM operation: Cleanup
Event: 3944.089 Executing VM operation: Cleanup done
Event: 5016.229 Executing VM operation: Cleanup
Event: 5016.229 Executing VM operation: Cleanup done
Event: 6384.392 Executing VM operation: Cleanup
Event: 6384.392 Executing VM operation: Cleanup done
Event: 6568.414 Executing VM operation: Cleanup
Event: 6568.414 Executing VM operation: Cleanup done

Memory protections (20 events):
Event: 2.290 Protecting memory [0x000078d214ee4000,0x000078d214ee8000] with protection modes 0
Event: 2.293 Protecting memory [0x000078d214de3000,0x000078d214de7000] with protection modes 0
Event: 2.295 Protecting memory [0x000078d2155eb000,0x000078d2155ef000] with protection modes 0
Event: 2.296 Protecting memory [0x000078d214be1000,0x000078d214be5000] with protection modes 0
Event: 2.298 Protecting memory [0x000078d214ae0000,0x000078d214ae4000] with protection modes 0
Event: 2.299 Protecting memory [0x000078d2149df000,0x000078d2149e3000] with protection modes 0
Event: 2.301 Protecting memory [0x000078d214ae0000,0x000078d214ae4000] with protection modes 0
Event: 2.305 Protecting memory [0x000078d214fe5000,0x000078d214fe9000] with protection modes 0
Event: 2.307 Protecting memory [0x000078d214ee4000,0x000078d214ee8000] with protection modes 0
Event: 2.307 Protecting memory [0x000078d2151e7000,0x000078d2151eb000] with protection modes 0
Event: 2.308 Protecting memory [0x000078d214fe5000,0x000078d214fe9000] with protection modes 0
Event: 25.818 Protecting memory [0x000078d2163f9000,0x000078d2163fd000] with protection modes 0
Event: 25.818 Protecting memory [0x000078d2151e7000,0x000078d2151eb000] with protection modes 0
Event: 25.819 Protecting memory [0x000078d2152e8000,0x000078d2152ec000] with protection modes 0
Event: 25.820 Protecting memory [0x000078d214fe5000,0x000078d214fe9000] with protection modes 0
Event: 25.821 Protecting memory [0x000078d2154ea000,0x000078d2154ee000] with protection modes 0
Event: 25.821 Protecting memory [0x000078d214ee4000,0x000078d214ee8000] with protection modes 0
Event: 25.822 Protecting memory [0x000078d214ee4000,0x000078d214ee8000] with protection modes 0
Event: 25.822 Protecting memory [0x000078d2152e8000,0x000078d2152ec000] with protection modes 0
Event: 226.082 Protecting memory [0x000078d2158ee000,0x000078d2158f2000] with protection modes 0

Nmethod flushes (0 events):
No events

Events (20 events):
Event: 25.817 Thread 0x000078d1d0002290 Thread added: 0x000078d1ac1db9e0
Event: 25.818 Thread 0x000078d1d0002290 Thread added: 0x000078d1ac1d43d0
Event: 25.819 Thread 0x000078d1d0002290 Thread added: 0x000078d1ac1d5010
Event: 25.820 Thread 0x000078d1d0002290 Thread added: 0x000078d1ac1d60b0
Event: 25.821 Thread 0x000078d1d0002290 Thread added: 0x000078d1ac1d6e30
Event: 25.821 Thread 0x000078d1d0002290 Thread added: 0x000078d1ac1c2ea0
Event: 25.821 Thread 0x000078d1ac1d43d0 Thread exited: 0x000078d1ac1d43d0
Event: 25.821 Thread 0x000078d1ac1d60b0 Thread exited: 0x000078d1ac1d60b0
Event: 25.821 Thread 0x000078d1ac1db9e0 Thread exited: 0x000078d1ac1db9e0
Event: 25.821 Thread 0x000078d1ac1d5010 Thread exited: 0x000078d1ac1d5010
Event: 25.822 Thread 0x000078d1ac1c2ea0 Thread exited: 0x000078d1ac1c2ea0
Event: 25.822 Thread 0x000078d1d0002290 Thread added: 0x000078d1ac1d4ff0
Event: 25.822 Thread 0x000078d1d0002290 Thread added: 0x000078d1ac1d43b0
Event: 25.822 Thread 0x000078d1ac1d6e30 Thread exited: 0x000078d1ac1d6e30
Event: 25.822 Thread 0x000078d1ac1d43b0 Thread exited: 0x000078d1ac1d43b0
Event: 25.823 Thread 0x000078d1ac1d4ff0 Thread exited: 0x000078d1ac1d4ff0
Event: 90.672 Thread 0x000078d1e0002ff0 Thread exited: 0x000078d1e0002ff0
Event: 90.686 Thread 0x000078d1d0001080 Thread exited: 0x000078d1d0001080
Event: 226.082 Thread 0x000078d2843768c0 Thread added: 0x000078d1d0001080
Event: 315.689 Thread 0x000078d1d0002290 Thread exited: 0x000078d1d0002290


Dynamic libraries:
80000000-88000000 rw-p 00000000 00:00 0 
88000000-100000000 ---p 00000000 00:00 0 
612f22f5f000-612f22f60000 r--p 00000000 08:02 276491                     /home/dityara/.local/share/JetBrains/Toolbox/apps/phpstorm/jbr/bin/java
612f22f60000-612f22f61000 r-xp 00001000 08:02 276491                     /home/dityara/.local/share/JetBrains/Toolbox/apps/phpstorm/jbr/bin/java
612f22f61000-612f22f62000 r--p 00002000 08:02 276491                     /home/dityara/.local/share/JetBrains/Toolbox/apps/phpstorm/jbr/bin/java
612f22f62000-612f22f63000 r--p 00002000 08:02 276491                     /home/dityara/.local/share/JetBrains/Toolbox/apps/phpstorm/jbr/bin/java
612f22f63000-612f22f64000 rw-p 00003000 08:02 276491                     /home/dityara/.local/share/JetBrains/Toolbox/apps/phpstorm/jbr/bin/java
612f33dbe000-612f33e05000 rw-p 00000000 00:00 0                          [heap]
78d1ac000000-78d1ac1ed000 rw-p 00000000 00:00 0 
78d1ac1ed000-78d1b0000000 ---p 00000000 00:00 0 
78d1b0000000-78d1b0021000 rw-p 00000000 00:00 0 
78d1b0021000-78d1b4000000 ---p 00000000 00:00 0 
78d1b4000000-78d1b4021000 rw-p 00000000 00:00 0 
78d1b4021000-78d1b8000000 ---p 00000000 00:00 0 
78d1b8000000-78d1b802b000 rw-p 00000000 00:00 0 
78d1b802b000-78d1bc000000 ---p 00000000 00:00 0 
78d1bc000000-78d1bc043000 rw-p 00000000 00:00 0 
78d1bc043000-78d1c0000000 ---p 00000000 00:00 0 
78d1c0000000-78d1c0021000 rw-p 00000000 00:00 0 
78d1c0021000-78d1c4000000 ---p 00000000 00:00 0 
78d1c4000000-78d1c4021000 rw-p 00000000 00:00 0 
78d1c4021000-78d1c8000000 ---p 00000000 00:00 0 
78d1c8000000-78d1c8021000 rw-p 00000000 00:00 0 
78d1c8021000-78d1cc000000 ---p 00000000 00:00 0 
78d1cc000000-78d1cc021000 rw-p 00000000 00:00 0 
78d1cc021000-78d1d0000000 ---p 00000000 00:00 0 
78d1d0000000-78d1d0021000 rw-p 00000000 00:00 0 
78d1d0021000-78d1d4000000 ---p 00000000 00:00 0 
78d1d4000000-78d1d4021000 rw-p 00000000 00:00 0 
78d1d4021000-78d1d8000000 ---p 00000000 00:00 0 
78d1d8000000-78d1d8021000 rw-p 00000000 00:00 0 
78d1d8021000-78d1dc000000 ---p 00000000 00:00 0 
78d1dc000000-78d1dc265000 rw-p 00000000 00:00 0 
78d1dc265000-78d1e0000000 ---p 00000000 00:00 0 
78d1e0000000-78d1e0021000 rw-p 00000000 00:00 0 
78d1e0021000-78d1e4000000 ---p 00000000 00:00 0 
78d1e4000000-78d1e4021000 rw-p 00000000 00:00 0 
78d1e4021000-78d1e8000000 ---p 00000000 00:00 0 
78d1e8000000-78d1e8021000 rw-p 00000000 00:00 0 
78d1e8021000-78d1ec000000 ---p 00000000 00:00 0 
78d1ec000000-78d1ed81c000 rw-p 00000000 00:00 0 
78d1ed81c000-78d1f0000000 ---p 00000000 00:00 0 
78d1f0000000-78d1f0385000 rw-p 00000000 00:00 0 
78d1f0385000-78d1f4000000 ---p 00000000 00:00 0 
78d1f4000000-78d1f4021000 rw-p 00000000 00:00 0 
78d1f4021000-78d1f8000000 ---p 00000000 00:00 0 
78d1f8000000-78d1f8021000 rw-p 00000000 00:00 0 
78d1f8021000-78d1fc000000 ---p 00000000 00:00 0 
78d1fc000000-78d1fc021000 rw-p 00000000 00:00 0 
78d1fc021000-78d200000000 ---p 00000000 00:00 0 
78d200000000-78d200021000 rw-p 00000000 00:00 0 
78d200021000-78d204000000 ---p 00000000 00:00 0 
78d204000000-78d204330000 rw-p 00000000 00:00 0 
78d204330000-78d208000000 ---p 00000000 00:00 0 
78d208000000-78d208021000 rw-p 00000000 00:00 0 
78d208021000-78d20c000000 ---p 00000000 00:00 0 
78d20c000000-78d20c400000 rw-p 00000000 00:00 0 
78d20c400000-78d20c700000 rw-p 00000000 00:00 0 
78d20c700000-78d20c800000 rw-p 00000000 00:00 0 
78d20c800000-78d20ca60000 rw-p 00000000 00:00 0 
78d20ca60000-78d20cb00000 ---p 00000000 00:00 0 
78d20cb00000-78d20cb70000 rw-p 00000000 00:00 0 
78d20cb70000-78d210000000 ---p 00000000 00:00 0 
78d210000000-78d210021000 rw-p 00000000 00:00 0 
78d210021000-78d214000000 ---p 00000000 00:00 0 
78d2149de000-78d2149df000 ---p 00000000 00:00 0 
78d2149df000-78d2149e3000 ---p 00000000 00:00 0 
78d2149e3000-78d214adf000 rw-p 00000000 00:00 0 
78d214adf000-78d214ae0000 ---p 00000000 00:00 0 
78d214ae0000-78d214ae4000 ---p 00000000 00:00 0 
78d214ae4000-78d214be0000 rw-p 00000000 00:00 0 
78d214be0000-78d214be1000 ---p 00000000 00:00 0 
78d214be1000-78d214be5000 ---p 00000000 00:00 0 
78d214be5000-78d214ce1000 rw-p 00000000 00:00 0 
78d214ce1000-78d214ce2000 ---p 00000000 00:00 0 
78d214ce2000-78d214ce6000 ---p 00000000 00:00 0 
78d214ce6000-78d214de2000 rw-p 00000000 00:00 0 
78d214de2000-78d214de3000 ---p 00000000 00:00 0 
78d214de3000-78d214de7000 ---p 00000000 00:00 0 
78d214de7000-78d214ee3000 rw-p 00000000 00:00 0 
78d214ee3000-78d214ee4000 ---p 00000000 00:00 0 
78d214ee4000-78d214ee8000 ---p 00000000 00:00 0 
78d214ee8000-78d214fe4000 rw-p 00000000 00:00 0 
78d214fe4000-78d214fe5000 ---p 00000000 00:00 0 
78d214fe5000-78d214fe9000 ---p 00000000 00:00 0 
78d214fe9000-78d2150e5000 rw-p 00000000 00:00 0 
78d2150e5000-78d2150e6000 ---p 00000000 00:00 0 
78d2150e6000-78d2150ea000 ---p 00000000 00:00 0 
78d2150ea000-78d2151e6000 rw-p 00000000 00:00 0 
78d2151e6000-78d2151e7000 ---p 00000000 00:00 0 
78d2151e7000-78d2151eb000 ---p 00000000 00:00 0 
78d2151eb000-78d2152e7000 rw-p 00000000 00:00 0 
78d2152e7000-78d2152e8000 ---p 00000000 00:00 0 
78d2152e8000-78d2152ec000 ---p 00000000 00:00 0 
78d2152ec000-78d2153e8000 rw-p 00000000 00:00 0 
78d2153e8000-78d2153e9000 ---p 00000000 00:00 0 
78d2153e9000-78d2153ed000 ---p 00000000 00:00 0 
78d2153ed000-78d2154e9000 rw-p 00000000 00:00 0 
78d2154e9000-78d2154ea000 ---p 00000000 00:00 0 
78d2154ea000-78d2154ee000 ---p 00000000 00:00 0 
78d2154ee000-78d2155ea000 rw-p 00000000 00:00 0 
78d2155ea000-78d2155eb000 ---p 00000000 00:00 0 
78d2155eb000-78d2155ef000 ---p 00000000 00:00 0 
78d2155ef000-78d2156eb000 rw-p 00000000 00:00 0 
78d2156eb000-78d2156ec000 ---p 00000000 00:00 0 
78d2156ec000-78d2156f0000 ---p 00000000 00:00 0 
78d2156f0000-78d2157ec000 rw-p 00000000 00:00 0 
78d2157ec000-78d2157ed000 ---p 00000000 00:00 0 
78d2157ed000-78d2157f1000 ---p 00000000 00:00 0 
78d2157f1000-78d2158ed000 rw-p 00000000 00:00 0 
78d2158ed000-78d2158ee000 ---p 00000000 00:00 0 
78d2158ee000-78d2158f2000 ---p 00000000 00:00 0 
78d2158f2000-78d2159ee000 rw-p 00000000 00:00 0 
78d2159ee000-78d2159ef000 ---p 00000000 00:00 0 
78d2159ef000-78d2159f3000 ---p 00000000 00:00 0 
78d2159f3000-78d215aef000 rw-p 00000000 00:00 0 
78d215aef000-78d215af0000 ---p 00000000 00:00 0 
78d215af0000-78d215af4000 ---p 00000000 00:00 0 
78d215af4000-78d215bf0000 rw-p 00000000 00:00 0 
78d215bf0000-78d215bf1000 ---p 00000000 00:00 0 
78d215bf1000-78d215bf5000 ---p 00000000 00:00 0 
78d215bf5000-78d215cf1000 rw-p 00000000 00:00 0 
78d215cf1000-78d215cf2000 ---p 00000000 00:00 0 
78d215cf2000-78d215cf6000 ---p 00000000 00:00 0 
78d215cf6000-78d215df2000 rw-p 00000000 00:00 0 
78d215df2000-78d215df3000 ---p 00000000 00:00 0 
78d215df3000-78d215df7000 ---p 00000000 00:00 0 
78d215df7000-78d215ef3000 rw-p 00000000 00:00 0 
78d215ef3000-78d215ef4000 ---p 00000000 00:00 0 
78d215ef4000-78d215ef8000 ---p 00000000 00:00 0 
78d215ef8000-78d215ff4000 rw-p 00000000 00:00 0 
78d215ff4000-78d215ff5000 ---p 00000000 00:00 0 
78d215ff5000-78d2160f5000 rw-p 00000000 00:00 0 
78d2160f5000-78d2160f6000 ---p 00000000 00:00 0 
78d2160f6000-78d2161f6000 rw-p 00000000 00:00 0 
78d2161f6000-78d2161f7000 ---p 00000000 00:00 0 
78d2161f7000-78d2162f7000 rw-p 00000000 00:00 0 
78d2162f7000-78d2162f8000 ---p 00000000 00:00 0 
78d2162f8000-78d2162fc000 ---p 00000000 00:00 0 
78d2162fc000-78d2163f8000 rw-p 00000000 00:00 0 
78d2163f8000-78d2163f9000 ---p 00000000 00:00 0 
78d2163f9000-78d2163fd000 ---p 00000000 00:00 0 
78d2163fd000-78d2164f9000 rw-p 00000000 00:00 0 
78d2164f9000-78d2164fa000 ---p 00000000 00:00 0 
78d2164fa000-78d2164fe000 ---p 00000000 00:00 0 
78d2164fe000-78d2165fa000 rw-p 00000000 00:00 0 
78d2165fa000-78d2165fb000 ---p 00000000 00:00 0 
78d2165fb000-78d2165ff000 ---p 00000000 00:00 0 
78d2165ff000-78d2166fb000 rw-p 00000000 00:00 0 
78d2166fb000-78d2166fc000 ---p 00000000 00:00 0 
78d2166fc000-78d216700000 ---p 00000000 00:00 0 
78d216700000-78d2167fc000 rw-p 00000000 00:00 0 
78d2167fc000-78d2167fd000 ---p 00000000 00:00 0 
78d2167fd000-78d216801000 ---p 00000000 00:00 0 
78d216801000-78d2168fd000 rw-p 00000000 00:00 0 
78d2168fd000-78d2168fe000 ---p 00000000 00:00 0 
78d2168fe000-78d216902000 ---p 00000000 00:00 0 
78d216902000-78d2169fe000 rw-p 00000000 00:00 0 
78d2169fe000-78d2169ff000 ---p 00000000 00:00 0 
78d2169ff000-78d216a03000 ---p 00000000 00:00 0 
78d216a03000-78d216aff000 rw-p 00000000 00:00 0 
78d216aff000-78d216b00000 ---p 00000000 00:00 0 
78d216b00000-78d216b04000 ---p 00000000 00:00 0 
78d216b04000-78d216c00000 rw-p 00000000 00:00 0 
78d216c00000-78d216eec000 r--p 00000000 08:02 2886868                    /usr/lib/locale/locale-archive
78d216eff000-78d216f00000 ---p 00000000 00:00 0 
78d216f00000-78d216f04000 ---p 00000000 00:00 0 
78d216f04000-78d217000000 rw-p 00000000 00:00 0 
78d217000000-78d217d2e000 rw-p 00001000 08:02 276979                     /home/dityara/.local/share/JetBrains/Toolbox/apps/phpstorm/jbr/lib/server/classes.jsa
78d217d2e000-78d218000000 ---p 00000000 00:00 0 
78d218000000-78d218040000 rw-p 00000000 00:00 0 
78d218040000-78d218080000 rw-p 00000000 00:00 0 
78d218080000-78d2180c0000 rw-p 00000000 00:00 0 
78d2180c0000-78d218160000 rw-p 00000000 00:00 0 
78d218160000-78d218170000 rw-p 00000000 00:00 0 
78d218170000-78d218180000 ---p 00000000 00:00 0 
78d218180000-78d2181a0000 rw-p 00000000 00:00 0 
78d2181a0000-78d258000000 ---p 00000000 00:00 0 
78d258000000-78d258021000 rw-p 00000000 00:00 0 
78d258021000-78d25c000000 ---p 00000000 00:00 0 
78d25c000000-78d25c021000 rw-p 00000000 00:00 0 
78d25c021000-78d260000000 ---p 00000000 00:00 0 
78d260000000-78d260021000 rw-p 00000000 00:00 0 
78d260021000-78d264000000 ---p 00000000 00:00 0 
78d264000000-78d264021000 rw-p 00000000 00:00 0 
78d264021000-78d268000000 ---p 00000000 00:00 0 
78d268000000-78d268021000 rw-p 00000000 00:00 0 
78d268021000-78d26c000000 ---p 00000000 00:00 0 
78d26c0de000-78d26c0df000 ---p 00000000 00:00 0 
78d26c0df000-78d26c0e3000 ---p 00000000 00:00 0 
78d26c0e3000-78d26c1df000 rw-p 00000000 00:00 0 
78d26c1df000-78d26c1e0000 ---p 00000000 00:00 0 
78d26c1e0000-78d26c2e0000 rw-p 00000000 00:00 0 
78d26c2e0000-78d26c2e1000 ---p 00000000 00:00 0 
78d26c2e1000-78d26c3e1000 rw-p 00000000 00:00 0 
78d26c4fb000-78d26c4fc000 ---p 00000000 00:00 0 
78d26c4fc000-78d26c5fc000 rw-p 00000000 00:00 0 
78d26c5fc000-78d26c5fd000 ---p 00000000 00:00 0 
78d26c5fd000-78d26c6fd000 rw-p 00000000 00:00 0 
78d26c6fd000-78d26ec00000 rw-p 00000000 00:00 0 
78d26ec00000-78d270a00000 ---p 00000000 00:00 0 
78d270a00000-78d270a40000 rw-p 00000000 00:00 0 
78d270a40000-78d270e00000 ---p 00000000 00:00 0 
78d270e00000-78d2712c0000 rwxp 00000000 00:00 0 
78d2712c0000-78d278337000 ---p 00000000 00:00 0 
78d278337000-78d2785a7000 rwxp 00000000 00:00 0 
78d2785a7000-78d2788c8000 ---p 00000000 00:00 0 
78d2788c8000-78d278b38000 rwxp 00000000 00:00 0 
78d278b38000-78d27fe00000 ---p 00000000 00:00 0 
78d27fe00000-78d283e5a000 r--s 00000000 08:02 276969                     /home/dityara/.local/share/JetBrains/Toolbox/apps/phpstorm/jbr/lib/modules
78d283e70000-78d283e73000 r--p 00000000 08:02 2899044                    /usr/lib/libnss_resolve.so.2
78d283e73000-78d283e96000 r-xp 00003000 08:02 2899044                    /usr/lib/libnss_resolve.so.2
78d283e96000-78d283ea0000 r--p 00026000 08:02 2899044                    /usr/lib/libnss_resolve.so.2
78d283ea0000-78d283ea2000 r--p 0002f000 08:02 2899044                    /usr/lib/libnss_resolve.so.2
78d283ea2000-78d283ea3000 rw-p 00031000 08:02 2899044                    /usr/lib/libnss_resolve.so.2
78d283ea3000-78d283ea7000 r--p 00000000 08:02 2899042                    /usr/lib/libnss_mymachines.so.2
78d283ea7000-78d283ee6000 r-xp 00004000 08:02 2899042                    /usr/lib/libnss_mymachines.so.2
78d283ee6000-78d283efa000 r--p 00043000 08:02 2899042                    /usr/lib/libnss_mymachines.so.2
78d283efa000-78d283efd000 r--p 00057000 08:02 2899042                    /usr/lib/libnss_mymachines.so.2
78d283efd000-78d283efe000 rw-p 0005a000 08:02 2899042                    /usr/lib/libnss_mymachines.so.2
78d283efe000-78d2843de000 rw-p 00000000 00:00 0 
78d2843de000-78d288000000 ---p 00000000 00:00 0 
78d288022000-78d288026000 r--p 00000000 08:02 2887751                    /usr/lib/libgcc_s.so.1
78d288026000-78d288049000 r-xp 00004000 08:02 2887751                    /usr/lib/libgcc_s.so.1
78d288049000-78d28804d000 r--p 00027000 08:02 2887751                    /usr/lib/libgcc_s.so.1
78d28804d000-78d28804e000 r--p 0002a000 08:02 2887751                    /usr/lib/libgcc_s.so.1
78d28804e000-78d28804f000 rw-p 0002b000 08:02 2887751                    /usr/lib/libgcc_s.so.1
78d28807c000-78d2880fd000 rw-p 00000000 00:00 0 
78d2880fd000-78d2880fe000 ---p 00000000 00:00 0 
78d2880fe000-78d2881fe000 rw-p 00000000 00:00 0 
78d2881fe000-78d2881ff000 ---p 00000000 00:00 0 
78d2881ff000-78d2882ff000 rw-p 00000000 00:00 0 
78d2882ff000-78d288300000 ---p 00000000 00:00 0 
78d288300000-78d288400000 rw-p 00000000 00:00 0 
78d288400000-78d288440000 rw-p 00000000 00:00 0 
78d288440000-78d288800000 ---p 00000000 00:00 0 
78d288807000-78d288808000 r--p 00000000 08:02 2930972                    /usr/lib/libnss_mdns_minimal.so.2
78d288808000-78d28880a000 r-xp 00001000 08:02 2930972                    /usr/lib/libnss_mdns_minimal.so.2
78d28880a000-78d28880b000 r--p 00003000 08:02 2930972                    /usr/lib/libnss_mdns_minimal.so.2
78d28880b000-78d28880c000 r--p 00003000 08:02 2930972                    /usr/lib/libnss_mdns_minimal.so.2
78d28880c000-78d28880d000 rw-p 00004000 08:02 2930972                    /usr/lib/libnss_mdns_minimal.so.2
78d28880d000-78d288810000 r--p 00000000 08:02 2900347                    /usr/lib/libcap.so.2.76
78d288810000-78d288815000 r-xp 00003000 08:02 2900347                    /usr/lib/libcap.so.2.76
78d288815000-78d288817000 r--p 00008000 08:02 2900347                    /usr/lib/libcap.so.2.76
78d288817000-78d288818000 r--p 00009000 08:02 2900347                    /usr/lib/libcap.so.2.76
78d288818000-78d288819000 rw-p 0000a000 08:02 2900347                    /usr/lib/libcap.so.2.76
78d288819000-78d28881a000 r--p 00000000 08:02 276902                     /home/dityara/.local/share/JetBrains/Toolbox/apps/phpstorm/jbr/lib/librmi.so
78d28881a000-78d28881b000 r-xp 00001000 08:02 276902                     /home/dityara/.local/share/JetBrains/Toolbox/apps/phpstorm/jbr/lib/librmi.so
78d28881b000-78d28881c000 r--p 00002000 08:02 276902                     /home/dityara/.local/share/JetBrains/Toolbox/apps/phpstorm/jbr/lib/librmi.so
78d28881c000-78d28881d000 r--p 00002000 08:02 276902                     /home/dityara/.local/share/JetBrains/Toolbox/apps/phpstorm/jbr/lib/librmi.so
78d28881d000-78d28881e000 rw-p 00000000 00:00 0 
78d28881e000-78d288821000 r--p 00000000 08:02 276897                     /home/dityara/.local/share/JetBrains/Toolbox/apps/phpstorm/jbr/lib/libnet.so
78d288821000-78d288829000 r-xp 00003000 08:02 276897                     /home/dityara/.local/share/JetBrains/Toolbox/apps/phpstorm/jbr/lib/libnet.so
78d288829000-78d28882b000 r--p 0000b000 08:02 276897                     /home/dityara/.local/share/JetBrains/Toolbox/apps/phpstorm/jbr/lib/libnet.so
78d28882b000-78d28882c000 ---p 0000d000 08:02 276897                     /home/dityara/.local/share/JetBrains/Toolbox/apps/phpstorm/jbr/lib/libnet.so
78d28882c000-78d28882d000 r--p 0000d000 08:02 276897                     /home/dityara/.local/share/JetBrains/Toolbox/apps/phpstorm/jbr/lib/libnet.so
78d28882d000-78d28882e000 rw-p 00000000 00:00 0 
78d28882e000-78d288835000 r--p 00000000 08:02 276900                     /home/dityara/.local/share/JetBrains/Toolbox/apps/phpstorm/jbr/lib/libnio.so
78d288835000-78d28883e000 r-xp 00007000 08:02 276900                     /home/dityara/.local/share/JetBrains/Toolbox/apps/phpstorm/jbr/lib/libnio.so
78d28883e000-78d288842000 r--p 00010000 08:02 276900                     /home/dityara/.local/share/JetBrains/Toolbox/apps/phpstorm/jbr/lib/libnio.so
78d288842000-78d288843000 ---p 00014000 08:02 276900                     /home/dityara/.local/share/JetBrains/Toolbox/apps/phpstorm/jbr/lib/libnio.so
78d288843000-78d288844000 r--p 00014000 08:02 276900                     /home/dityara/.local/share/JetBrains/Toolbox/apps/phpstorm/jbr/lib/libnio.so
78d288844000-78d288845000 rw-p 00015000 08:02 276900                     /home/dityara/.local/share/JetBrains/Toolbox/apps/phpstorm/jbr/lib/libnio.so
78d288845000-78d288d2f000 rw-p 00000000 00:00 0 
78d288d2f000-78d288e15000 ---p 00000000 00:00 0 
78d288e15000-78d288e1f000 rw-p 00000000 00:00 0 
78d288e1f000-78d288f00000 ---p 00000000 00:00 0 
78d288f00000-78d288f04000 ---p 00000000 00:00 0 
78d288f04000-78d289000000 rw-p 00000000 00:00 0 
78d289000000-78d2892a3000 r--p 00000000 08:02 276982                     /home/dityara/.local/share/JetBrains/Toolbox/apps/phpstorm/jbr/lib/server/libjvm.so
78d2892a3000-78d28a111000 r-xp 002a3000 08:02 276982                     /home/dityara/.local/share/JetBrains/Toolbox/apps/phpstorm/jbr/lib/server/libjvm.so
78d28a111000-78d28a3f7000 r--p 01111000 08:02 276982                     /home/dityara/.local/share/JetBrains/Toolbox/apps/phpstorm/jbr/lib/server/libjvm.so
78d28a3f7000-78d28a3f8000 ---p 013f7000 08:02 276982                     /home/dityara/.local/share/JetBrains/Toolbox/apps/phpstorm/jbr/lib/server/libjvm.so
78d28a3f8000-78d28a4cc000 r--p 013f7000 08:02 276982                     /home/dityara/.local/share/JetBrains/Toolbox/apps/phpstorm/jbr/lib/server/libjvm.so
78d28a4cc000-78d28a4fc000 rw-p 014cb000 08:02 276982                     /home/dityara/.local/share/JetBrains/Toolbox/apps/phpstorm/jbr/lib/server/libjvm.so
78d28a4fc000-78d28a572000 rw-p 00000000 00:00 0 
78d28a573000-78d28a574000 r--p 00000000 08:02 276868                     /home/dityara/.local/share/JetBrains/Toolbox/apps/phpstorm/jbr/lib/libextnet.so
78d28a574000-78d28a575000 r-xp 00001000 08:02 276868                     /home/dityara/.local/share/JetBrains/Toolbox/apps/phpstorm/jbr/lib/libextnet.so
78d28a575000-78d28a576000 r--p 00002000 08:02 276868                     /home/dityara/.local/share/JetBrains/Toolbox/apps/phpstorm/jbr/lib/libextnet.so
78d28a576000-78d28a577000 r--p 00002000 08:02 276868                     /home/dityara/.local/share/JetBrains/Toolbox/apps/phpstorm/jbr/lib/libextnet.so
78d28a577000-78d28a578000 rw-p 00000000 00:00 0 
78d28a578000-78d28a57a000 r--p 00000000 08:02 276912                     /home/dityara/.local/share/JetBrains/Toolbox/apps/phpstorm/jbr/lib/libzip.so
78d28a57a000-78d28a57e000 r-xp 00002000 08:02 276912                     /home/dityara/.local/share/JetBrains/Toolbox/apps/phpstorm/jbr/lib/libzip.so
78d28a57e000-78d28a580000 r--p 00006000 08:02 276912                     /home/dityara/.local/share/JetBrains/Toolbox/apps/phpstorm/jbr/lib/libzip.so
78d28a580000-78d28a581000 r--p 00007000 08:02 276912                     /home/dityara/.local/share/JetBrains/Toolbox/apps/phpstorm/jbr/lib/libzip.so
78d28a581000-78d28a5a8000 rw-p 00000000 00:00 0 
78d28a5a8000-78d28a5af000 ---p 00000000 00:00 0 
78d28a5af000-78d28a5bc000 r--p 00000000 08:02 276877                     /home/dityara/.local/share/JetBrains/Toolbox/apps/phpstorm/jbr/lib/libjava.so
78d28a5bc000-78d28a5ca000 r-xp 0000d000 08:02 276877                     /home/dityara/.local/share/JetBrains/Toolbox/apps/phpstorm/jbr/lib/libjava.so
78d28a5ca000-78d28a5cf000 r--p 0001b000 08:02 276877                     /home/dityara/.local/share/JetBrains/Toolbox/apps/phpstorm/jbr/lib/libjava.so
78d28a5cf000-78d28a5d0000 ---p 00020000 08:02 276877                     /home/dityara/.local/share/JetBrains/Toolbox/apps/phpstorm/jbr/lib/libjava.so
78d28a5d0000-78d28a5d1000 r--p 00020000 08:02 276877                     /home/dityara/.local/share/JetBrains/Toolbox/apps/phpstorm/jbr/lib/libjava.so
78d28a5d1000-78d28a5d2000 rw-p 00021000 08:02 276877                     /home/dityara/.local/share/JetBrains/Toolbox/apps/phpstorm/jbr/lib/libjava.so
78d28a5d2000-78d28a5d3000 rw-p 00000000 00:00 0 
78d28a5d3000-78d28a5e2000 r--p 00000000 08:02 2886965                    /usr/lib/libm.so.6
78d28a5e2000-78d28a668000 r-xp 0000f000 08:02 2886965                    /usr/lib/libm.so.6
78d28a668000-78d28a6c9000 r--p 00095000 08:02 2886965                    /usr/lib/libm.so.6
78d28a6c9000-78d28a6ca000 r--p 000f6000 08:02 2886965                    /usr/lib/libm.so.6
78d28a6ca000-78d28a6cb000 rw-p 000f7000 08:02 2886965                    /usr/lib/libm.so.6
78d28a6cb000-78d28a6cc000 r--p 00000000 08:02 2887000                    /usr/lib/librt.so.1
78d28a6cc000-78d28a6cd000 r-xp 00001000 08:02 2887000                    /usr/lib/librt.so.1
78d28a6cd000-78d28a6ce000 r--p 00002000 08:02 2887000                    /usr/lib/librt.so.1
78d28a6ce000-78d28a6cf000 r--p 00002000 08:02 2887000                    /usr/lib/librt.so.1
78d28a6cf000-78d28a6d0000 rw-p 00003000 08:02 2887000                    /usr/lib/librt.so.1
78d28a6d0000-78d28a6d4000 rw-p 00000000 00:00 0 
78d28a6d4000-78d28a6f8000 r--p 00000000 08:02 2886950                    /usr/lib/libc.so.6
78d28a6f8000-78d28a868000 r-xp 00024000 08:02 2886950                    /usr/lib/libc.so.6
78d28a868000-78d28a8b6000 r--p 00194000 08:02 2886950                    /usr/lib/libc.so.6
78d28a8b6000-78d28a8ba000 r--p 001e1000 08:02 2886950                    /usr/lib/libc.so.6
78d28a8ba000-78d28a8bc000 rw-p 001e5000 08:02 2886950                    /usr/lib/libc.so.6
78d28a8bc000-78d28a8c4000 rw-p 00000000 00:00 0 
78d28a8c4000-78d28a8c5000 r--p 00000000 08:02 2886957                    /usr/lib/libdl.so.2
78d28a8c5000-78d28a8c6000 r-xp 00001000 08:02 2886957                    /usr/lib/libdl.so.2
78d28a8c6000-78d28a8c7000 r--p 00002000 08:02 2886957                    /usr/lib/libdl.so.2
78d28a8c7000-78d28a8c8000 r--p 00002000 08:02 2886957                    /usr/lib/libdl.so.2
78d28a8c8000-78d28a8c9000 rw-p 00003000 08:02 2886957                    /usr/lib/libdl.so.2
78d28a8c9000-78d28a8ca000 r--p 00000000 08:02 2886992                    /usr/lib/libpthread.so.0
78d28a8ca000-78d28a8cb000 r-xp 00001000 08:02 2886992                    /usr/lib/libpthread.so.0
78d28a8cb000-78d28a8cc000 r--p 00002000 08:02 2886992                    /usr/lib/libpthread.so.0
78d28a8cc000-78d28a8cd000 r--p 00002000 08:02 2886992                    /usr/lib/libpthread.so.0
78d28a8cd000-78d28a8ce000 rw-p 00003000 08:02 2886992                    /usr/lib/libpthread.so.0
78d28a8ce000-78d28a8d0000 r--p 00000000 08:02 276883                     /home/dityara/.local/share/JetBrains/Toolbox/apps/phpstorm/jbr/lib/libjli.so
78d28a8d0000-78d28a8da000 r-xp 00002000 08:02 276883                     /home/dityara/.local/share/JetBrains/Toolbox/apps/phpstorm/jbr/lib/libjli.so
78d28a8da000-78d28a8dd000 r--p 0000c000 08:02 276883                     /home/dityara/.local/share/JetBrains/Toolbox/apps/phpstorm/jbr/lib/libjli.so
78d28a8dd000-78d28a8de000 ---p 0000f000 08:02 276883                     /home/dityara/.local/share/JetBrains/Toolbox/apps/phpstorm/jbr/lib/libjli.so
78d28a8de000-78d28a8df000 r--p 0000f000 08:02 276883                     /home/dityara/.local/share/JetBrains/Toolbox/apps/phpstorm/jbr/lib/libjli.so
78d28a8df000-78d28a8e0000 rw-p 00010000 08:02 276883                     /home/dityara/.local/share/JetBrains/Toolbox/apps/phpstorm/jbr/lib/libjli.so
78d28a8e0000-78d28a8e3000 r--p 00000000 08:02 2891020                    /usr/lib/libz.so.1.3.1
78d28a8e3000-78d28a8f1000 r-xp 00003000 08:02 2891020                    /usr/lib/libz.so.1.3.1
78d28a8f1000-78d28a8f7000 r--p 00011000 08:02 2891020                    /usr/lib/libz.so.1.3.1
78d28a8f7000-78d28a8f8000 r--p 00017000 08:02 2891020                    /usr/lib/libz.so.1.3.1
78d28a8f8000-78d28a8f9000 rw-p 00018000 08:02 2891020                    /usr/lib/libz.so.1.3.1
78d28a8fb000-78d28a903000 rw-s 00000000 00:25 1333                       /tmp/hsperfdata_dityara/19212
78d28a903000-78d28a904000 ---p 00000000 00:00 0 
78d28a904000-78d28a905000 r--p 00000000 00:00 0 
78d28a905000-78d28a906000 ---p 00000000 00:00 0 
78d28a906000-78d28a909000 r--p 00000000 08:02 276882                     /home/dityara/.local/share/JetBrains/Toolbox/apps/phpstorm/jbr/lib/libjimage.so
78d28a909000-78d28a91d000 r-xp 00003000 08:02 276882                     /home/dityara/.local/share/JetBrains/Toolbox/apps/phpstorm/jbr/lib/libjimage.so
78d28a91d000-78d28a923000 r--p 00017000 08:02 276882                     /home/dityara/.local/share/JetBrains/Toolbox/apps/phpstorm/jbr/lib/libjimage.so
78d28a923000-78d28a925000 r--p 0001c000 08:02 276882                     /home/dityara/.local/share/JetBrains/Toolbox/apps/phpstorm/jbr/lib/libjimage.so
78d28a925000-78d28a926000 rw-p 0001e000 08:02 276882                     /home/dityara/.local/share/JetBrains/Toolbox/apps/phpstorm/jbr/lib/libjimage.so
78d28a926000-78d28a928000 rw-p 00000000 00:00 0 
78d28a928000-78d28a92a000 r--p 00000000 00:00 0                          [vvar]
78d28a92a000-78d28a92c000 r--p 00000000 00:00 0                          [vvar_vclock]
78d28a92c000-78d28a92e000 r-xp 00000000 00:00 0                          [vdso]
78d28a92e000-78d28a92f000 r--p 00000000 08:02 2886938                    /usr/lib/ld-linux-x86-64.so.2
78d28a92f000-78d28a958000 r-xp 00001000 08:02 2886938                    /usr/lib/ld-linux-x86-64.so.2
78d28a958000-78d28a963000 r--p 0002a000 08:02 2886938                    /usr/lib/ld-linux-x86-64.so.2
78d28a963000-78d28a965000 r--p 00034000 08:02 2886938                    /usr/lib/ld-linux-x86-64.so.2
78d28a965000-78d28a966000 rw-p 00036000 08:02 2886938                    /usr/lib/ld-linux-x86-64.so.2
78d28a966000-78d28a967000 rw-p 00000000 00:00 0 
7fff3b07c000-7fff3b09d000 rw-p 00000000 00:00 0                          [stack]
ffffffffff600000-ffffffffff601000 --xp 00000000 00:00 0                  [vsyscall]
Total number of mappings: 353


VM Arguments:
jvm_args: -Djava.rmi.server.hostname=127.0.0.1 -Duser.timezone=UTC -Xmx2048m -Xms128m -Djdbc.classpath=/tmp/RemoteDriver.classpath.txt --add-exports=java.desktop/sun.awt=ALL-UNNAMED --add-exports=java.desktop/java.awt.peer=ALL-UNNAMED --add-opens=java.desktop/java.awt=ALL-UNNAMED --add-opens=jdk.unsupported/sun.misc=ALL-UNNAMED --add-opens=java.base/java.nio=ALL-UNNAMED --add-opens=java.base/java.util=ALL-UNNAMED -Dfile.encoding=UTF-8 -Dsun.stdout.encoding=UTF-8 -Dsun.stderr.encoding=UTF-8 -Dawt.toolkit.name=XToolkit 
java_command: com.intellij.database.remote.RemoteJdbcServer org.mariadb.jdbc.Driver
java_class_path (initial): /home/dityara/.local/share/JetBrains/Toolbox/apps/phpstorm/lib/util_rt.jar:/home/dityara/.local/share/JetBrains/Toolbox/apps/phpstorm/lib/util-8.jar:/home/dityara/.local/share/JetBrains/Toolbox/apps/phpstorm/lib/groovy.jar:/home/dityara/.local/share/JetBrains/Toolbox/apps/phpstorm/plugins/DatabaseTools/lib/jdbc-console.jar:/home/dityara/.local/share/JetBrains/Toolbox/apps/phpstorm/lib/modules/intellij.grid.types.jar:/home/dityara/.local/share/JetBrains/Toolbox/apps/phpstorm/lib/util.jar:/home/dityara/.local/share/JetBrains/Toolbox/apps/phpstorm/lib/bouncy-castle.jar
Launcher Type: SUN_STANDARD

[Global flags]
     intx CICompilerCount                          = 3                                         {product} {ergonomic}
     uint ConcGCThreads                            = 1                                         {product} {ergonomic}
     uint G1ConcRefinementThreads                  = 4                                         {product} {ergonomic}
   size_t G1HeapRegionSize                         = 1048576                                   {product} {ergonomic}
    uintx GCDrainStackTargetSize                   = 64                                        {product} {ergonomic}
   size_t InitialHeapSize                          = 134217728                                 {product} {command line}
   size_t MarkStackSize                            = 4194304                                   {product} {ergonomic}
   size_t MaxHeapSize                              = 2147483648                                {product} {command line}
   size_t MaxNewSize                               = 1287651328                                {product} {ergonomic}
   size_t MinHeapDeltaBytes                        = 1048576                                   {product} {ergonomic}
   size_t MinHeapSize                              = 134217728                                 {product} {command line}
    uintx NonNMethodCodeHeapSize                   = 5832780                                {pd product} {ergonomic}
    uintx NonProfiledCodeHeapSize                  = 122912730                              {pd product} {ergonomic}
    uintx ProfiledCodeHeapSize                     = 122912730                              {pd product} {ergonomic}
    uintx ReservedCodeCacheSize                    = 251658240                              {pd product} {ergonomic}
     bool SegmentedCodeCache                       = true                                      {product} {ergonomic}
   size_t SoftMaxHeapSize                          = 2147483648                             {manageable} {ergonomic}
     bool UseCompressedOops                        = true                           {product lp64_product} {ergonomic}
     bool UseG1GC                                  = true                                      {product} {ergonomic}

Logging:
Log output configuration:
 #0: stdout all=warning uptime,level,tags foldmultilines=false
 #1: stderr all=off uptime,level,tags foldmultilines=false

Environment Variables:
PATH=/home/dityara/.config/composer/vendor/bin:/usr/local/bin:/usr/bin:/usr/bin/site_perl:/usr/bin/vendor_perl:/usr/bin/core_perl
USERNAME=dityara
SHELL=/usr/bin/fish
DISPLAY=:0
LANG=en_US.UTF-8
LC_NUMERIC=id_ID.UTF-8
LC_TIME=id_ID.UTF-8

Active Locale:
LC_ALL=C
LC_COLLATE=C
LC_CTYPE=C
LC_MESSAGES=C
LC_MONETARY=C
LC_NUMERIC=C
LC_TIME=C

Signal Handlers:
   SIGSEGV: 0x000078d28a0032d0 in libjvm.so+16790224, mask=11100100010111111101111111111110, flags=SA_RESTART|SA_SIGINFO, unblocked
    SIGBUS: 0x000078d28a0032d0 in libjvm.so+16790224, mask=11100100010111111101111111111110, flags=SA_RESTART|SA_SIGINFO, unblocked
    SIGFPE: 0x000078d28a0032d0 in libjvm.so+16790224, mask=11100100010111111101111111111110, flags=SA_RESTART|SA_SIGINFO, unblocked
   SIGPIPE: 0x000078d289e6bfb0 in libjvm.so+15122352, mask=11100100010111111101111111111110, flags=SA_RESTART|SA_SIGINFO, blocked
   SIGXFSZ: 0x000078d289e6bfb0 in libjvm.so+15122352, mask=11100100010111111101111111111110, flags=SA_RESTART|SA_SIGINFO, blocked
    SIGILL: 0x000078d28a0032d0 in libjvm.so+16790224, mask=11100100010111111101111111111110, flags=SA_RESTART|SA_SIGINFO, unblocked
   SIGUSR2: 0x000078d289e6d8c0 in libjvm.so+15128768, mask=00000000000000000000000000000000, flags=SA_RESTART|SA_SIGINFO, blocked
    SIGHUP: 0x000078d289e6b4e0 in libjvm.so+15119584, mask=11100100010111111101111111111110, flags=SA_RESTART|SA_SIGINFO, blocked
    SIGINT: 0x000078d289e6b4e0 in libjvm.so+15119584, mask=11100100010111111101111111111110, flags=SA_RESTART|SA_SIGINFO, blocked
   SIGTERM: 0x000078d289e6b4e0 in libjvm.so+15119584, mask=11100100010111111101111111111110, flags=SA_RESTART|SA_SIGINFO, blocked
   SIGQUIT: 0x000078d289e6b4e0 in libjvm.so+15119584, mask=11100100010111111101111111111110, flags=SA_RESTART|SA_SIGINFO, blocked
   SIGTRAP: 0x000078d28a0032d0 in libjvm.so+16790224, mask=11100100010111111101111111111110, flags=SA_RESTART|SA_SIGINFO, unblocked


Periodic native trim disabled

JNI global refs:
JNI global refs: 17, weak refs: 0

JNI global refs memory usage: 859, weak refs: 225

Process memory usage:
Resident Set Size: 144704K (0% of 16328888K total physical memory with 12807540K free physical memory)

OOME stack traces (most recent first):
Classloader memory used:
Loader bootstrap                                                                       : 6524K
Loader jdk.internal.loader.ClassLoaders$AppClassLoader                                 : 3503K
Loader com.intellij.database.remote.jdbc.impl.JdbcClassLoader$JdbcClassLoaderImpl      : 1700K
Loader jdk.internal.loader.ClassLoaders$PlatformClassLoader                            : 312K
Loader jdk.internal.reflect.DelegatingClassLoader                                      : 141K
Loader com.intellij.database.remote.jdbc.impl.JdbcClassLoader$1                        : 6920B

---------------  S Y S T E M  ---------------

OS:
uname: Linux 6.14.5-arch1-1 #1 SMP PREEMPT_DYNAMIC Sat, 03 May 2025 13:34:12 +0000 x86_64
OS uptime: 0 days 11:05 hours
libc: glibc 2.41 NPTL 2.41 
rlimit (soft/hard): STACK 8192k/infinity , CORE infinity/infinity , NPROC 63322/63322 , NOFILE 524288/524288 , AS infinity/infinity , CPU infinity/infinity , DATA infinity/infinity , FSIZE infinity/infinity , MEMLOCK 8192k/8192k
load average: 19.31 11.34 5.42

/proc/meminfo:
MemTotal:       16328888 kB
MemFree:         8056756 kB
MemAvailable:   12807540 kB
Buffers:          263668 kB
Cached:          4410064 kB
SwapCached:            0 kB
Active:          2868228 kB
Inactive:        4335580 kB
Active(anon):    1349520 kB
Inactive(anon):  1204396 kB
Active(file):    1518708 kB
Inactive(file):  3131184 kB
Unevictable:          64 kB
Mlocked:              64 kB
SwapTotal:       9227464 kB
SwapFree:        9226952 kB
Zswap:                32 kB
Zswapped:              8 kB
Dirty:             42936 kB
Writeback:             0 kB
AnonPages:       2446276 kB
Mapped:           713424 kB
Shmem:             24108 kB
KReclaimable:     441636 kB
Slab:             587624 kB
SReclaimable:     441636 kB
SUnreclaim:       145988 kB
KernelStack:       13452 kB
PageTables:        27184 kB
SecPageTables:         0 kB
NFS_Unstable:          0 kB
Bounce:                0 kB
WritebackTmp:          0 kB
CommitLimit:    17391908 kB
Committed_AS:    7912600 kB
VmallocTotal:   34359738367 kB
VmallocUsed:       66560 kB
VmallocChunk:          0 kB
Percpu:             2816 kB
HardwareCorrupted:     0 kB
AnonHugePages:   1501184 kB
ShmemHugePages:        0 kB
ShmemPmdMapped:        0 kB
FileHugePages:   1230848 kB
FilePmdMapped:    370688 kB
CmaTotal:              0 kB
CmaFree:               0 kB
Unaccepted:            0 kB
HugePages_Total:       0
HugePages_Free:        0
HugePages_Rsvd:        0
HugePages_Surp:        0
Hugepagesize:       2048 kB
Hugetlb:               0 kB
DirectMap4k:      889240 kB
DirectMap2M:    13750272 kB
DirectMap1G:     2097152 kB

/sys/kernel/mm/transparent_hugepage/enabled: [always] madvise never
/sys/kernel/mm/transparent_hugepage/hpage_pmd_size: 2097152
/sys/kernel/mm/transparent_hugepage/defrag (defrag/compaction efforts parameter): always defer defer+madvise [madvise] never

Process Memory:
Virtual Size: 5731824K (peak: 5739108K)
Resident Set Size: 144704K (peak: 160228K) (anon: 102712K, file: 41992K, shmem: 0K)
Swapped out: 0K
C-Heap outstanding allocations: 16777K, retained: 20602K
glibc malloc tunables: (default)

/proc/sys/kernel/threads-max (system-wide limit on the number of threads): 126645
/proc/sys/vm/max_map_count (maximum number of memory map areas a process may have): 1048576
/proc/sys/vm/swappiness (control to define how aggressively the kernel swaps out anonymous memory): 60
/proc/sys/kernel/pid_max (system-wide limit on number of process identifiers): 4194304

container information not found.
Steal ticks since vm start: 0
Steal ticks percentage since vm start:  0.000

CPU: total 4 (initial active 4) (4 cores per cpu, 1 threads per core) family 6 model 158 stepping 11 microcode 0xf6, cx8, cmov, fxsr, mmx, 3dnowpref, sse, sse2, sse3, ssse3, sse4.1, sse4.2, popcnt, lzcnt, tsc, tscinvbit, avx, avx2, aes, erms, clmul, bmi1, bmi2, adx, fma, vzeroupper, clflush, clflushopt, rdtscp, f16c
CPU Model and flags from /proc/cpuinfo:
model name	: Intel(R) Core(TM) i3-9100F CPU @ 3.60GHz
flags		: fpu vme de pse tsc msr pae mce cx8 apic sep mtrr pge mca cmov pat pse36 clflush dts acpi mmx fxsr sse sse2 ss ht tm pbe syscall nx pdpe1gb rdtscp lm constant_tsc art arch_perfmon pebs bts rep_good nopl xtopology nonstop_tsc cpuid aperfmperf pni pclmulqdq dtes64 monitor ds_cpl vmx est tm2 ssse3 sdbg fma cx16 xtpr pdcm pcid sse4_1 sse4_2 x2apic movbe popcnt tsc_deadline_timer aes xsave avx f16c rdrand lahf_lm abm 3dnowprefetch cpuid_fault pti ssbd ibrs ibpb stibp tpr_shadow flexpriority ept vpid ept_ad fsgsbase tsc_adjust bmi1 avx2 smep bmi2 erms invpcid mpx rdseed adx smap clflushopt intel_pt xsaveopt xsavec xgetbv1 xsaves dtherm ida arat pln pts hwp hwp_notify hwp_act_window hwp_epp vnmi md_clear flush_l1d arch_capabilities

Online cpus: 0-3
Offline cpus: 
BIOS frequency limitation: <Not Available>
Frequency switch latency (ns): 0
Available cpu frequencies: <Not Available>
Current governor: powersave
Core performance/turbo boost: <Not Available>

Memory: 4k page, physical 16328888k(12807540k free), swap 9227464k(9226952k free)
Page Sizes: 4k

vm_info: OpenJDK 64-Bit Server VM (21.0.6+9-b895.109) for linux-amd64 JRE (21.0.6+9-b895.109), built on 2025-03-26 by "builduser" with gcc 10.2.1 20210130 (Red Hat 10.2.1-11.1.0.1)

END.
